Determining if files ;sys/file.h exist failed with the following output:
Change Dir: D:/Documents/Projects/hwsim/build/dependencies/hdf5/CMakeFiles/CMakeTmp

Run Build Command(s):C:/Program Files (x86)/Microsoft Visual Studio/2019/BuildTools/MSBuild/Current/Bin/MSBuild.exe cmTC_f91ec.vcxproj /p:Configuration=Debug /p:Platform=x64 /p:VisualStudioVersion=16.0 /v:m && Microsoft (R) Build Engine version 16.7.0+b89cb5fde for .NET Framework
Copyright (C) Microsoft Corporation. All rights reserved.

  Microsoft (R) C/C++ Optimizing Compiler Version 19.27.29112 for x64
  H5_HAVE_SYS_FILE_H.c
  Copyright (C) Microsoft Corporation.  All rights reserved.
  cl /c /Zi /W3 /WX- /diagnostics:column /Od /Ob0 /D WIN32 /D _WINDOWS /D WIN32_LEAN_AND_MEAN=1 /D NOGDI=1 /D "CMAKE_INTDIR=\"Debug\"" /D _MBCS /Gm- /RTC1 /MDd /GS /fp:precise /Zc:wchar_t /Zc:forScope /Zc:inline /Fo"cmTC_f91ec.dir\Debug\\" /Fd"cmTC_f91ec.dir\Debug\vc142.pdb" /Gd /TC /errorReport:queue D:\Documents\Projects\hwsim\build\dependencies\hdf5\CMakeFiles\CheckIncludeFiles\H5_HAVE_SYS_FILE_H.c
D:\Documents\Projects\hwsim\build\dependencies\hdf5\CMakeFiles\CheckIncludeFiles\H5_HAVE_SYS_FILE_H.c(2,10): fatal error C1083: Cannot open include file: 'sys/file.h': No such file or directory [D:\Documents\Projects\hwsim\build\dependencies\hdf5\CMakeFiles\CMakeTmp\cmTC_f91ec.vcxproj]


Source:
/* */
#include <sys/file.h>


int main(void){return 0;}

Determining if files ;sys/ioctl.h exist failed with the following output:
Change Dir: D:/Documents/Projects/hwsim/build/dependencies/hdf5/CMakeFiles/CMakeTmp

Run Build Command(s):C:/Program Files (x86)/Microsoft Visual Studio/2019/BuildTools/MSBuild/Current/Bin/MSBuild.exe cmTC_51a06.vcxproj /p:Configuration=Debug /p:Platform=x64 /p:VisualStudioVersion=16.0 /v:m && Microsoft (R) Build Engine version 16.7.0+b89cb5fde for .NET Framework
Copyright (C) Microsoft Corporation. All rights reserved.

  Microsoft (R) C/C++ Optimizing Compiler Version 19.27.29112 for x64
  H5_HAVE_SYS_IOCTL_H.c
  Copyright (C) Microsoft Corporation.  All rights reserved.
  cl /c /Zi /W3 /WX- /diagnostics:column /Od /Ob0 /D WIN32 /D _WINDOWS /D WIN32_LEAN_AND_MEAN=1 /D NOGDI=1 /D "CMAKE_INTDIR=\"Debug\"" /D _MBCS /Gm- /RTC1 /MDd /GS /fp:precise /Zc:wchar_t /Zc:forScope /Zc:inline /Fo"cmTC_51a06.dir\Debug\\" /Fd"cmTC_51a06.dir\Debug\vc142.pdb" /Gd /TC /errorReport:queue D:\Documents\Projects\hwsim\build\dependencies\hdf5\CMakeFiles\CheckIncludeFiles\H5_HAVE_SYS_IOCTL_H.c
D:\Documents\Projects\hwsim\build\dependencies\hdf5\CMakeFiles\CheckIncludeFiles\H5_HAVE_SYS_IOCTL_H.c(2,10): fatal error C1083: Cannot open include file: 'sys/ioctl.h': No such file or directory [D:\Documents\Projects\hwsim\build\dependencies\hdf5\CMakeFiles\CMakeTmp\cmTC_51a06.vcxproj]


Source:
/* */
#include <sys/ioctl.h>


int main(void){return 0;}

Determining if files ;sys/resource.h exist failed with the following output:
Change Dir: D:/Documents/Projects/hwsim/build/dependencies/hdf5/CMakeFiles/CMakeTmp

Run Build Command(s):C:/Program Files (x86)/Microsoft Visual Studio/2019/BuildTools/MSBuild/Current/Bin/MSBuild.exe cmTC_9f6bd.vcxproj /p:Configuration=Debug /p:Platform=x64 /p:VisualStudioVersion=16.0 /v:m && Microsoft (R) Build Engine version 16.7.0+b89cb5fde for .NET Framework
Copyright (C) Microsoft Corporation. All rights reserved.

  Microsoft (R) C/C++ Optimizing Compiler Version 19.27.29112 for x64
  Copyright (C) Microsoft Corporation.  All rights reserved.
  H5_HAVE_SYS_RESOURCE_H.c
  cl /c /Zi /W3 /WX- /diagnostics:column /Od /Ob0 /D WIN32 /D _WINDOWS /D WIN32_LEAN_AND_MEAN=1 /D NOGDI=1 /D "CMAKE_INTDIR=\"Debug\"" /D _MBCS /Gm- /RTC1 /MDd /GS /fp:precise /Zc:wchar_t /Zc:forScope /Zc:inline /Fo"cmTC_9f6bd.dir\Debug\\" /Fd"cmTC_9f6bd.dir\Debug\vc142.pdb" /Gd /TC /errorReport:queue D:\Documents\Projects\hwsim\build\dependencies\hdf5\CMakeFiles\CheckIncludeFiles\H5_HAVE_SYS_RESOURCE_H.c
D:\Documents\Projects\hwsim\build\dependencies\hdf5\CMakeFiles\CheckIncludeFiles\H5_HAVE_SYS_RESOURCE_H.c(2,10): fatal error C1083: Cannot open include file: 'sys/resource.h': No such file or directory [D:\Documents\Projects\hwsim\build\dependencies\hdf5\CMakeFiles\CMakeTmp\cmTC_9f6bd.vcxproj]


Source:
/* */
#include <sys/resource.h>


int main(void){return 0;}

Determining if files ;sys/socket.h exist failed with the following output:
Change Dir: D:/Documents/Projects/hwsim/build/dependencies/hdf5/CMakeFiles/CMakeTmp

Run Build Command(s):C:/Program Files (x86)/Microsoft Visual Studio/2019/BuildTools/MSBuild/Current/Bin/MSBuild.exe cmTC_940e1.vcxproj /p:Configuration=Debug /p:Platform=x64 /p:VisualStudioVersion=16.0 /v:m && Microsoft (R) Build Engine version 16.7.0+b89cb5fde for .NET Framework
Copyright (C) Microsoft Corporation. All rights reserved.

  Microsoft (R) C/C++ Optimizing Compiler Version 19.27.29112 for x64
  H5_HAVE_SYS_SOCKET_H.c
  Copyright (C) Microsoft Corporation.  All rights reserved.
  cl /c /Zi /W3 /WX- /diagnostics:column /Od /Ob0 /D WIN32 /D _WINDOWS /D WIN32_LEAN_AND_MEAN=1 /D NOGDI=1 /D "CMAKE_INTDIR=\"Debug\"" /D _MBCS /Gm- /RTC1 /MDd /GS /fp:precise /Zc:wchar_t /Zc:forScope /Zc:inline /Fo"cmTC_940e1.dir\Debug\\" /Fd"cmTC_940e1.dir\Debug\vc142.pdb" /Gd /TC /errorReport:queue D:\Documents\Projects\hwsim\build\dependencies\hdf5\CMakeFiles\CheckIncludeFiles\H5_HAVE_SYS_SOCKET_H.c
D:\Documents\Projects\hwsim\build\dependencies\hdf5\CMakeFiles\CheckIncludeFiles\H5_HAVE_SYS_SOCKET_H.c(2,10): fatal error C1083: Cannot open include file: 'sys/socket.h': No such file or directory [D:\Documents\Projects\hwsim\build\dependencies\hdf5\CMakeFiles\CMakeTmp\cmTC_940e1.vcxproj]


Source:
/* */
#include <sys/socket.h>


int main(void){return 0;}

Determining if files sys/stat.h;sys/time.h exist failed with the following output:
Change Dir: D:/Documents/Projects/hwsim/build/dependencies/hdf5/CMakeFiles/CMakeTmp

Run Build Command(s):C:/Program Files (x86)/Microsoft Visual Studio/2019/BuildTools/MSBuild/Current/Bin/MSBuild.exe cmTC_34af1.vcxproj /p:Configuration=Debug /p:Platform=x64 /p:VisualStudioVersion=16.0 /v:m && Microsoft (R) Build Engine version 16.7.0+b89cb5fde for .NET Framework
Copyright (C) Microsoft Corporation. All rights reserved.

  Microsoft (R) C/C++ Optimizing Compiler Version 19.27.29112 for x64
  H5_HAVE_SYS_TIME_H.c
  Copyright (C) Microsoft Corporation.  All rights reserved.
  cl /c /Zi /W3 /WX- /diagnostics:column /Od /Ob0 /D WIN32 /D _WINDOWS /D WIN32_LEAN_AND_MEAN=1 /D NOGDI=1 /D "CMAKE_INTDIR=\"Debug\"" /D _MBCS /Gm- /RTC1 /MDd /GS /fp:precise /Zc:wchar_t /Zc:forScope /Zc:inline /Fo"cmTC_34af1.dir\Debug\\" /Fd"cmTC_34af1.dir\Debug\vc142.pdb" /Gd /TC /errorReport:queue D:\Documents\Projects\hwsim\build\dependencies\hdf5\CMakeFiles\CheckIncludeFiles\H5_HAVE_SYS_TIME_H.c
D:\Documents\Projects\hwsim\build\dependencies\hdf5\CMakeFiles\CheckIncludeFiles\H5_HAVE_SYS_TIME_H.c(3,10): fatal error C1083: Cannot open include file: 'sys/time.h': No such file or directory [D:\Documents\Projects\hwsim\build\dependencies\hdf5\CMakeFiles\CMakeTmp\cmTC_34af1.vcxproj]


Source:
/* */
#include <sys/stat.h>
#include <sys/time.h>


int main(void){return 0;}

Determining if files sys/stat.h;sys/types.h;features.h exist failed with the following output:
Change Dir: D:/Documents/Projects/hwsim/build/dependencies/hdf5/CMakeFiles/CMakeTmp

Run Build Command(s):C:/Program Files (x86)/Microsoft Visual Studio/2019/BuildTools/MSBuild/Current/Bin/MSBuild.exe cmTC_82535.vcxproj /p:Configuration=Debug /p:Platform=x64 /p:VisualStudioVersion=16.0 /v:m && Microsoft (R) Build Engine version 16.7.0+b89cb5fde for .NET Framework
Copyright (C) Microsoft Corporation. All rights reserved.

  Microsoft (R) C/C++ Optimizing Compiler Version 19.27.29112 for x64
  H5_HAVE_FEATURES_H.c
  Copyright (C) Microsoft Corporation.  All rights reserved.
  cl /c /Zi /W3 /WX- /diagnostics:column /Od /Ob0 /D WIN32 /D _WINDOWS /D WIN32_LEAN_AND_MEAN=1 /D NOGDI=1 /D "CMAKE_INTDIR=\"Debug\"" /D _MBCS /Gm- /RTC1 /MDd /GS /fp:precise /Zc:wchar_t /Zc:forScope /Zc:inline /Fo"cmTC_82535.dir\Debug\\" /Fd"cmTC_82535.dir\Debug\vc142.pdb" /Gd /TC /errorReport:queue D:\Documents\Projects\hwsim\build\dependencies\hdf5\CMakeFiles\CheckIncludeFiles\H5_HAVE_FEATURES_H.c
D:\Documents\Projects\hwsim\build\dependencies\hdf5\CMakeFiles\CheckIncludeFiles\H5_HAVE_FEATURES_H.c(4,10): fatal error C1083: Cannot open include file: 'features.h': No such file or directory [D:\Documents\Projects\hwsim\build\dependencies\hdf5\CMakeFiles\CMakeTmp\cmTC_82535.vcxproj]


Source:
/* */
#include <sys/stat.h>
#include <sys/types.h>
#include <features.h>


int main(void){return 0;}

Determining if files sys/stat.h;sys/types.h;dirent.h exist failed with the following output:
Change Dir: D:/Documents/Projects/hwsim/build/dependencies/hdf5/CMakeFiles/CMakeTmp

Run Build Command(s):C:/Program Files (x86)/Microsoft Visual Studio/2019/BuildTools/MSBuild/Current/Bin/MSBuild.exe cmTC_59486.vcxproj /p:Configuration=Debug /p:Platform=x64 /p:VisualStudioVersion=16.0 /v:m && Microsoft (R) Build Engine version 16.7.0+b89cb5fde for .NET Framework
Copyright (C) Microsoft Corporation. All rights reserved.

  Microsoft (R) C/C++ Optimizing Compiler Version 19.27.29112 for x64
  H5_HAVE_DIRENT_H.c
  Copyright (C) Microsoft Corporation.  All rights reserved.
  cl /c /Zi /W3 /WX- /diagnostics:column /Od /Ob0 /D WIN32 /D _WINDOWS /D WIN32_LEAN_AND_MEAN=1 /D NOGDI=1 /D "CMAKE_INTDIR=\"Debug\"" /D _MBCS /Gm- /RTC1 /MDd /GS /fp:precise /Zc:wchar_t /Zc:forScope /Zc:inline /Fo"cmTC_59486.dir\Debug\\" /Fd"cmTC_59486.dir\Debug\vc142.pdb" /Gd /TC /errorReport:queue D:\Documents\Projects\hwsim\build\dependencies\hdf5\CMakeFiles\CheckIncludeFiles\H5_HAVE_DIRENT_H.c
D:\Documents\Projects\hwsim\build\dependencies\hdf5\CMakeFiles\CheckIncludeFiles\H5_HAVE_DIRENT_H.c(4,10): fatal error C1083: Cannot open include file: 'dirent.h': No such file or directory [D:\Documents\Projects\hwsim\build\dependencies\hdf5\CMakeFiles\CMakeTmp\cmTC_59486.vcxproj]


Source:
/* */
#include <sys/stat.h>
#include <sys/types.h>
#include <dirent.h>


int main(void){return 0;}

Determining if files sys/stat.h;sys/types.h;setjmp.h;stddef.h;stdint.h;unistd.h exist failed with the following output:
Change Dir: D:/Documents/Projects/hwsim/build/dependencies/hdf5/CMakeFiles/CMakeTmp

Run Build Command(s):C:/Program Files (x86)/Microsoft Visual Studio/2019/BuildTools/MSBuild/Current/Bin/MSBuild.exe cmTC_ea623.vcxproj /p:Configuration=Debug /p:Platform=x64 /p:VisualStudioVersion=16.0 /v:m && Microsoft (R) Build Engine version 16.7.0+b89cb5fde for .NET Framework
Copyright (C) Microsoft Corporation. All rights reserved.

  Microsoft (R) C/C++ Optimizing Compiler Version 19.27.29112 for x64
  H5_HAVE_UNISTD_H.c
  Copyright (C) Microsoft Corporation.  All rights reserved.
  cl /c /Zi /W3 /WX- /diagnostics:column /Od /Ob0 /D WIN32 /D _WINDOWS /D WIN32_LEAN_AND_MEAN=1 /D NOGDI=1 /D "CMAKE_INTDIR=\"Debug\"" /D _MBCS /Gm- /RTC1 /MDd /GS /fp:precise /Zc:wchar_t /Zc:forScope /Zc:inline /Fo"cmTC_ea623.dir\Debug\\" /Fd"cmTC_ea623.dir\Debug\vc142.pdb" /Gd /TC /errorReport:queue D:\Documents\Projects\hwsim\build\dependencies\hdf5\CMakeFiles\CheckIncludeFiles\H5_HAVE_UNISTD_H.c
D:\Documents\Projects\hwsim\build\dependencies\hdf5\CMakeFiles\CheckIncludeFiles\H5_HAVE_UNISTD_H.c(7,10): fatal error C1083: Cannot open include file: 'unistd.h': No such file or directory [D:\Documents\Projects\hwsim\build\dependencies\hdf5\CMakeFiles\CMakeTmp\cmTC_ea623.vcxproj]


Source:
/* */
#include <sys/stat.h>
#include <sys/types.h>
#include <setjmp.h>
#include <stddef.h>
#include <stdint.h>
#include <unistd.h>


int main(void){return 0;}

Determining if files sys/stat.h;sys/types.h;setjmp.h;stddef.h;stdint.h;mach/mach_time.h exist failed with the following output:
Change Dir: D:/Documents/Projects/hwsim/build/dependencies/hdf5/CMakeFiles/CMakeTmp

Run Build Command(s):C:/Program Files (x86)/Microsoft Visual Studio/2019/BuildTools/MSBuild/Current/Bin/MSBuild.exe cmTC_7c989.vcxproj /p:Configuration=Debug /p:Platform=x64 /p:VisualStudioVersion=16.0 /v:m && Microsoft (R) Build Engine version 16.7.0+b89cb5fde for .NET Framework
Copyright (C) Microsoft Corporation. All rights reserved.

  Microsoft (R) C/C++ Optimizing Compiler Version 19.27.29112 for x64
  H5_HAVE_MACH_MACH_TIME_H.c
  Copyright (C) Microsoft Corporation.  All rights reserved.
  cl /c /Zi /W3 /WX- /diagnostics:column /Od /Ob0 /D WIN32 /D _WINDOWS /D WIN32_LEAN_AND_MEAN=1 /D NOGDI=1 /D "CMAKE_INTDIR=\"Debug\"" /D _MBCS /Gm- /RTC1 /MDd /GS /fp:precise /Zc:wchar_t /Zc:forScope /Zc:inline /Fo"cmTC_7c989.dir\Debug\\" /Fd"cmTC_7c989.dir\Debug\vc142.pdb" /Gd /TC /errorReport:queue D:\Documents\Projects\hwsim\build\dependencies\hdf5\CMakeFiles\CheckIncludeFiles\H5_HAVE_MACH_MACH_TIME_H.c
D:\Documents\Projects\hwsim\build\dependencies\hdf5\CMakeFiles\CheckIncludeFiles\H5_HAVE_MACH_MACH_TIME_H.c(7,10): fatal error C1083: Cannot open include file: 'mach/mach_time.h': No such file or directory [D:\Documents\Projects\hwsim\build\dependencies\hdf5\CMakeFiles\CMakeTmp\cmTC_7c989.vcxproj]


Source:
/* */
#include <sys/stat.h>
#include <sys/types.h>
#include <setjmp.h>
#include <stddef.h>
#include <stdint.h>
#include <mach/mach_time.h>


int main(void){return 0;}

Determining if files sys/stat.h;sys/types.h;setjmp.h;stddef.h;stdint.h;io.h;winsock2.h;sys/timeb.h;globus/common.h exist failed with the following output:
Change Dir: D:/Documents/Projects/hwsim/build/dependencies/hdf5/CMakeFiles/CMakeTmp

Run Build Command(s):C:/Program Files (x86)/Microsoft Visual Studio/2019/BuildTools/MSBuild/Current/Bin/MSBuild.exe cmTC_b9d84.vcxproj /p:Configuration=Debug /p:Platform=x64 /p:VisualStudioVersion=16.0 /v:m && Microsoft (R) Build Engine version 16.7.0+b89cb5fde for .NET Framework
Copyright (C) Microsoft Corporation. All rights reserved.

  Microsoft (R) C/C++ Optimizing Compiler Version 19.27.29112 for x64
  H5_HAVE_GLOBUS_COMMON_H.c
  Copyright (C) Microsoft Corporation.  All rights reserved.
  cl /c /Zi /W3 /WX- /diagnostics:column /Od /Ob0 /D WIN32 /D _WINDOWS /D WIN32_LEAN_AND_MEAN=1 /D NOGDI=1 /D "CMAKE_INTDIR=\"Debug\"" /D _MBCS /Gm- /RTC1 /MDd /GS /fp:precise /Zc:wchar_t /Zc:forScope /Zc:inline /Fo"cmTC_b9d84.dir\Debug\\" /Fd"cmTC_b9d84.dir\Debug\vc142.pdb" /Gd /TC /errorReport:queue D:\Documents\Projects\hwsim\build\dependencies\hdf5\CMakeFiles\CheckIncludeFiles\H5_HAVE_GLOBUS_COMMON_H.c
D:\Documents\Projects\hwsim\build\dependencies\hdf5\CMakeFiles\CheckIncludeFiles\H5_HAVE_GLOBUS_COMMON_H.c(10,10): fatal error C1083: Cannot open include file: 'globus/common.h': No such file or directory [D:\Documents\Projects\hwsim\build\dependencies\hdf5\CMakeFiles\CMakeTmp\cmTC_b9d84.vcxproj]


Source:
/* */
#include <sys/stat.h>
#include <sys/types.h>
#include <setjmp.h>
#include <stddef.h>
#include <stdint.h>
#include <io.h>
#include <winsock2.h>
#include <sys/timeb.h>
#include <globus/common.h>


int main(void){return 0;}

Determining if files sys/stat.h;sys/types.h;setjmp.h;stddef.h;stdint.h;io.h;winsock2.h;sys/timeb.h;pdb.h exist failed with the following output:
Change Dir: D:/Documents/Projects/hwsim/build/dependencies/hdf5/CMakeFiles/CMakeTmp

Run Build Command(s):C:/Program Files (x86)/Microsoft Visual Studio/2019/BuildTools/MSBuild/Current/Bin/MSBuild.exe cmTC_e2981.vcxproj /p:Configuration=Debug /p:Platform=x64 /p:VisualStudioVersion=16.0 /v:m && Microsoft (R) Build Engine version 16.7.0+b89cb5fde for .NET Framework
Copyright (C) Microsoft Corporation. All rights reserved.

  Microsoft (R) C/C++ Optimizing Compiler Version 19.27.29112 for x64
  H5_HAVE_PDB_H.c
  Copyright (C) Microsoft Corporation.  All rights reserved.
  cl /c /Zi /W3 /WX- /diagnostics:column /Od /Ob0 /D WIN32 /D _WINDOWS /D WIN32_LEAN_AND_MEAN=1 /D NOGDI=1 /D "CMAKE_INTDIR=\"Debug\"" /D _MBCS /Gm- /RTC1 /MDd /GS /fp:precise /Zc:wchar_t /Zc:forScope /Zc:inline /Fo"cmTC_e2981.dir\Debug\\" /Fd"cmTC_e2981.dir\Debug\vc142.pdb" /Gd /TC /errorReport:queue D:\Documents\Projects\hwsim\build\dependencies\hdf5\CMakeFiles\CheckIncludeFiles\H5_HAVE_PDB_H.c
D:\Documents\Projects\hwsim\build\dependencies\hdf5\CMakeFiles\CheckIncludeFiles\H5_HAVE_PDB_H.c(10,10): fatal error C1083: Cannot open include file: 'pdb.h': No such file or directory [D:\Documents\Projects\hwsim\build\dependencies\hdf5\CMakeFiles\CMakeTmp\cmTC_e2981.vcxproj]


Source:
/* */
#include <sys/stat.h>
#include <sys/types.h>
#include <setjmp.h>
#include <stddef.h>
#include <stdint.h>
#include <io.h>
#include <winsock2.h>
#include <sys/timeb.h>
#include <pdb.h>


int main(void){return 0;}

Determining if files sys/stat.h;sys/types.h;setjmp.h;stddef.h;stdint.h;io.h;winsock2.h;sys/timeb.h;pthread.h exist failed with the following output:
Change Dir: D:/Documents/Projects/hwsim/build/dependencies/hdf5/CMakeFiles/CMakeTmp

Run Build Command(s):C:/Program Files (x86)/Microsoft Visual Studio/2019/BuildTools/MSBuild/Current/Bin/MSBuild.exe cmTC_93cba.vcxproj /p:Configuration=Debug /p:Platform=x64 /p:VisualStudioVersion=16.0 /v:m && Microsoft (R) Build Engine version 16.7.0+b89cb5fde for .NET Framework
Copyright (C) Microsoft Corporation. All rights reserved.

  Microsoft (R) C/C++ Optimizing Compiler Version 19.27.29112 for x64
  H5_HAVE_PTHREAD_H.c
  Copyright (C) Microsoft Corporation.  All rights reserved.
  cl /c /Zi /W3 /WX- /diagnostics:column /Od /Ob0 /D WIN32 /D _WINDOWS /D WIN32_LEAN_AND_MEAN=1 /D NOGDI=1 /D "CMAKE_INTDIR=\"Debug\"" /D _MBCS /Gm- /RTC1 /MDd /GS /fp:precise /Zc:wchar_t /Zc:forScope /Zc:inline /Fo"cmTC_93cba.dir\Debug\\" /Fd"cmTC_93cba.dir\Debug\vc142.pdb" /Gd /TC /errorReport:queue D:\Documents\Projects\hwsim\build\dependencies\hdf5\CMakeFiles\CheckIncludeFiles\H5_HAVE_PTHREAD_H.c
D:\Documents\Projects\hwsim\build\dependencies\hdf5\CMakeFiles\CheckIncludeFiles\H5_HAVE_PTHREAD_H.c(10,10): fatal error C1083: Cannot open include file: 'pthread.h': No such file or directory [D:\Documents\Projects\hwsim\build\dependencies\hdf5\CMakeFiles\CMakeTmp\cmTC_93cba.vcxproj]


Source:
/* */
#include <sys/stat.h>
#include <sys/types.h>
#include <setjmp.h>
#include <stddef.h>
#include <stdint.h>
#include <io.h>
#include <winsock2.h>
#include <sys/timeb.h>
#include <pthread.h>


int main(void){return 0;}

Determining if files sys/stat.h;sys/types.h;setjmp.h;stddef.h;stdint.h;io.h;winsock2.h;sys/timeb.h;srbclient.h exist failed with the following output:
Change Dir: D:/Documents/Projects/hwsim/build/dependencies/hdf5/CMakeFiles/CMakeTmp

Run Build Command(s):C:/Program Files (x86)/Microsoft Visual Studio/2019/BuildTools/MSBuild/Current/Bin/MSBuild.exe cmTC_0d26d.vcxproj /p:Configuration=Debug /p:Platform=x64 /p:VisualStudioVersion=16.0 /v:m && Microsoft (R) Build Engine version 16.7.0+b89cb5fde for .NET Framework
Copyright (C) Microsoft Corporation. All rights reserved.

  Microsoft (R) C/C++ Optimizing Compiler Version 19.27.29112 for x64
  H5_HAVE_SRBCLIENT_H.c
  Copyright (C) Microsoft Corporation.  All rights reserved.
  cl /c /Zi /W3 /WX- /diagnostics:column /Od /Ob0 /D WIN32 /D _WINDOWS /D WIN32_LEAN_AND_MEAN=1 /D NOGDI=1 /D "CMAKE_INTDIR=\"Debug\"" /D _MBCS /Gm- /RTC1 /MDd /GS /fp:precise /Zc:wchar_t /Zc:forScope /Zc:inline /Fo"cmTC_0d26d.dir\Debug\\" /Fd"cmTC_0d26d.dir\Debug\vc142.pdb" /Gd /TC /errorReport:queue D:\Documents\Projects\hwsim\build\dependencies\hdf5\CMakeFiles\CheckIncludeFiles\H5_HAVE_SRBCLIENT_H.c
D:\Documents\Projects\hwsim\build\dependencies\hdf5\CMakeFiles\CheckIncludeFiles\H5_HAVE_SRBCLIENT_H.c(10,10): fatal error C1083: Cannot open include file: 'srbclient.h': No such file or directory [D:\Documents\Projects\hwsim\build\dependencies\hdf5\CMakeFiles\CMakeTmp\cmTC_0d26d.vcxproj]


Source:
/* */
#include <sys/stat.h>
#include <sys/types.h>
#include <setjmp.h>
#include <stddef.h>
#include <stdint.h>
#include <io.h>
#include <winsock2.h>
#include <sys/timeb.h>
#include <srbclient.h>


int main(void){return 0;}

Determining if files sys/stat.h;sys/types.h;setjmp.h;stddef.h;stdint.h;io.h;winsock2.h;sys/timeb.h;string.h;strings.h exist failed with the following output:
Change Dir: D:/Documents/Projects/hwsim/build/dependencies/hdf5/CMakeFiles/CMakeTmp

Run Build Command(s):C:/Program Files (x86)/Microsoft Visual Studio/2019/BuildTools/MSBuild/Current/Bin/MSBuild.exe cmTC_67778.vcxproj /p:Configuration=Debug /p:Platform=x64 /p:VisualStudioVersion=16.0 /v:m && Microsoft (R) Build Engine version 16.7.0+b89cb5fde for .NET Framework
Copyright (C) Microsoft Corporation. All rights reserved.

  Microsoft (R) C/C++ Optimizing Compiler Version 19.27.29112 for x64
  H5_HAVE_STRINGS_H.c
  Copyright (C) Microsoft Corporation.  All rights reserved.
  cl /c /Zi /W3 /WX- /diagnostics:column /Od /Ob0 /D WIN32 /D _WINDOWS /D WIN32_LEAN_AND_MEAN=1 /D NOGDI=1 /D "CMAKE_INTDIR=\"Debug\"" /D _MBCS /Gm- /RTC1 /MDd /GS /fp:precise /Zc:wchar_t /Zc:forScope /Zc:inline /Fo"cmTC_67778.dir\Debug\\" /Fd"cmTC_67778.dir\Debug\vc142.pdb" /Gd /TC /errorReport:queue D:\Documents\Projects\hwsim\build\dependencies\hdf5\CMakeFiles\CheckIncludeFiles\H5_HAVE_STRINGS_H.c
D:\Documents\Projects\hwsim\build\dependencies\hdf5\CMakeFiles\CheckIncludeFiles\H5_HAVE_STRINGS_H.c(11,10): fatal error C1083: Cannot open include file: 'strings.h': No such file or directory [D:\Documents\Projects\hwsim\build\dependencies\hdf5\CMakeFiles\CMakeTmp\cmTC_67778.vcxproj]


Source:
/* */
#include <sys/stat.h>
#include <sys/types.h>
#include <setjmp.h>
#include <stddef.h>
#include <stdint.h>
#include <io.h>
#include <winsock2.h>
#include <sys/timeb.h>
#include <string.h>
#include <strings.h>


int main(void){return 0;}

Determining if files sys/stat.h;sys/types.h;setjmp.h;stddef.h;stdint.h;io.h;winsock2.h;sys/timeb.h;string.h;stdlib.h;memory.h;dlfcn.h exist failed with the following output:
Change Dir: D:/Documents/Projects/hwsim/build/dependencies/hdf5/CMakeFiles/CMakeTmp

Run Build Command(s):C:/Program Files (x86)/Microsoft Visual Studio/2019/BuildTools/MSBuild/Current/Bin/MSBuild.exe cmTC_7a681.vcxproj /p:Configuration=Debug /p:Platform=x64 /p:VisualStudioVersion=16.0 /v:m && Microsoft (R) Build Engine version 16.7.0+b89cb5fde for .NET Framework
Copyright (C) Microsoft Corporation. All rights reserved.

  Microsoft (R) C/C++ Optimizing Compiler Version 19.27.29112 for x64
  H5_HAVE_DLFCN_H.c
  Copyright (C) Microsoft Corporation.  All rights reserved.
  cl /c /Zi /W3 /WX- /diagnostics:column /Od /Ob0 /D WIN32 /D _WINDOWS /D WIN32_LEAN_AND_MEAN=1 /D NOGDI=1 /D "CMAKE_INTDIR=\"Debug\"" /D _MBCS /Gm- /RTC1 /MDd /GS /fp:precise /Zc:wchar_t /Zc:forScope /Zc:inline /Fo"cmTC_7a681.dir\Debug\\" /Fd"cmTC_7a681.dir\Debug\vc142.pdb" /Gd /TC /errorReport:queue D:\Documents\Projects\hwsim\build\dependencies\hdf5\CMakeFiles\CheckIncludeFiles\H5_HAVE_DLFCN_H.c
D:\Documents\Projects\hwsim\build\dependencies\hdf5\CMakeFiles\CheckIncludeFiles\H5_HAVE_DLFCN_H.c(13,10): fatal error C1083: Cannot open include file: 'dlfcn.h': No such file or directory [D:\Documents\Projects\hwsim\build\dependencies\hdf5\CMakeFiles\CMakeTmp\cmTC_7a681.vcxproj]


Source:
/* */
#include <sys/stat.h>
#include <sys/types.h>
#include <setjmp.h>
#include <stddef.h>
#include <stdint.h>
#include <io.h>
#include <winsock2.h>
#include <sys/timeb.h>
#include <string.h>
#include <stdlib.h>
#include <memory.h>
#include <dlfcn.h>


int main(void){return 0;}

Determining if files sys/stat.h;sys/types.h;setjmp.h;stddef.h;stdint.h;io.h;winsock2.h;sys/timeb.h;string.h;stdlib.h;memory.h;inttypes.h;netinet/in.h exist failed with the following output:
Change Dir: D:/Documents/Projects/hwsim/build/dependencies/hdf5/CMakeFiles/CMakeTmp

Run Build Command(s):C:/Program Files (x86)/Microsoft Visual Studio/2019/BuildTools/MSBuild/Current/Bin/MSBuild.exe cmTC_c76ef.vcxproj /p:Configuration=Debug /p:Platform=x64 /p:VisualStudioVersion=16.0 /v:m && Microsoft (R) Build Engine version 16.7.0+b89cb5fde for .NET Framework
Copyright (C) Microsoft Corporation. All rights reserved.

  Microsoft (R) C/C++ Optimizing Compiler Version 19.27.29112 for x64
  H5_HAVE_NETINET_IN_H.c
  Copyright (C) Microsoft Corporation.  All rights reserved.
  cl /c /Zi /W3 /WX- /diagnostics:column /Od /Ob0 /D WIN32 /D _WINDOWS /D WIN32_LEAN_AND_MEAN=1 /D NOGDI=1 /D "CMAKE_INTDIR=\"Debug\"" /D _MBCS /Gm- /RTC1 /MDd /GS /fp:precise /Zc:wchar_t /Zc:forScope /Zc:inline /Fo"cmTC_c76ef.dir\Debug\\" /Fd"cmTC_c76ef.dir\Debug\vc142.pdb" /Gd /TC /errorReport:queue D:\Documents\Projects\hwsim\build\dependencies\hdf5\CMakeFiles\CheckIncludeFiles\H5_HAVE_NETINET_IN_H.c
D:\Documents\Projects\hwsim\build\dependencies\hdf5\CMakeFiles\CheckIncludeFiles\H5_HAVE_NETINET_IN_H.c(14,10): fatal error C1083: Cannot open include file: 'netinet/in.h': No such file or directory [D:\Documents\Projects\hwsim\build\dependencies\hdf5\CMakeFiles\CMakeTmp\cmTC_c76ef.vcxproj]


Source:
/* */
#include <sys/stat.h>
#include <sys/types.h>
#include <setjmp.h>
#include <stddef.h>
#include <stdint.h>
#include <io.h>
#include <winsock2.h>
#include <sys/timeb.h>
#include <string.h>
#include <stdlib.h>
#include <memory.h>
#include <inttypes.h>
#include <netinet/in.h>


int main(void){return 0;}

Determining if files quadmath.h exist failed with the following output:
Change Dir: D:/Documents/Projects/hwsim/build/dependencies/hdf5/CMakeFiles/CMakeTmp

Run Build Command(s):C:/Program Files (x86)/Microsoft Visual Studio/2019/BuildTools/MSBuild/Current/Bin/MSBuild.exe cmTC_7275a.vcxproj /p:Configuration=Debug /p:Platform=x64 /p:VisualStudioVersion=16.0 /v:m && Microsoft (R) Build Engine version 16.7.0+b89cb5fde for .NET Framework
Copyright (C) Microsoft Corporation. All rights reserved.

  Microsoft (R) C/C++ Optimizing Compiler Version 19.27.29112 for x64
  C_HAVE_QUADMATH.c
  Copyright (C) Microsoft Corporation.  All rights reserved.
  cl /c /Zi /W3 /WX- /diagnostics:column /Od /Ob0 /D WIN32 /D _WINDOWS /D WIN32_LEAN_AND_MEAN=1 /D NOGDI=1 /D "CMAKE_INTDIR=\"Debug\"" /D _MBCS /Gm- /RTC1 /MDd /GS /fp:precise /Zc:wchar_t /Zc:forScope /Zc:inline /Fo"cmTC_7275a.dir\Debug\\" /Fd"cmTC_7275a.dir\Debug\vc142.pdb" /Gd /TC /errorReport:queue D:\Documents\Projects\hwsim\build\dependencies\hdf5\CMakeFiles\CheckIncludeFiles\C_HAVE_QUADMATH.c
D:\Documents\Projects\hwsim\build\dependencies\hdf5\CMakeFiles\CheckIncludeFiles\C_HAVE_QUADMATH.c(2,10): fatal error C1083: Cannot open include file: 'quadmath.h': No such file or directory [D:\Documents\Projects\hwsim\build\dependencies\hdf5\CMakeFiles\CMakeTmp\cmTC_7275a.vcxproj]


Source:
/* */
#include <quadmath.h>


int main(void){return 0;}

Determining if the function gethostname exists in the ucb; failed with the following output:
Change Dir: D:/Documents/Projects/hwsim/build/dependencies/hdf5/CMakeFiles/CMakeTmp

Run Build Command(s):C:/Program Files (x86)/Microsoft Visual Studio/2019/BuildTools/MSBuild/Current/Bin/MSBuild.exe cmTC_b28ab.vcxproj /p:Configuration=Debug /p:Platform=x64 /p:VisualStudioVersion=16.0 /v:m && Microsoft (R) Build Engine version 16.7.0+b89cb5fde for .NET Framework
Copyright (C) Microsoft Corporation. All rights reserved.

  Microsoft (R) C/C++ Optimizing Compiler Version 19.27.29112 for x64
  CheckFunctionExists.c
  Copyright (C) Microsoft Corporation.  All rights reserved.
  cl /c /Zi /W3 /WX- /diagnostics:column /Od /Ob0 /D WIN32 /D _WINDOWS /D CHECK_FUNCTION_EXISTS=gethostname /D WIN32_LEAN_AND_MEAN=1 /D NOGDI=1 /D "CMAKE_INTDIR=\"Debug\"" /D _MBCS /Gm- /RTC1 /MDd /GS /fp:precise /Zc:wchar_t /Zc:forScope /Zc:inline /Fo"cmTC_b28ab.dir\Debug\\" /Fd"cmTC_b28ab.dir\Debug\vc142.pdb" /Gd /TC /errorReport:queue "C:\Program Files (x86)\Microsoft Visual Studio\2019\BuildTools\Common7\IDE\CommonExtensions\Microsoft\CMake\CMake\share\cmake-3.17\Modules\CheckFunctionExists.c"
LINK : fatal error LNK1104: cannot open file 'ucb.lib' [D:\Documents\Projects\hwsim\build\dependencies\hdf5\CMakeFiles\CMakeTmp\cmTC_b28ab.vcxproj]



Determining size of ssize_t failed with the following output:
Change Dir: D:/Documents/Projects/hwsim/build/dependencies/hdf5/CMakeFiles/CMakeTmp

Run Build Command(s):C:/Program Files (x86)/Microsoft Visual Studio/2019/BuildTools/MSBuild/Current/Bin/MSBuild.exe cmTC_da0ba.vcxproj /p:Configuration=Debug /p:Platform=x64 /p:VisualStudioVersion=16.0 /v:m && Microsoft (R) Build Engine version 16.7.0+b89cb5fde for .NET Framework
Copyright (C) Microsoft Corporation. All rights reserved.

  Microsoft (R) C/C++ Optimizing Compiler Version 19.27.29112 for x64
  H5_SIZEOF_SSIZE_T.c
  Copyright (C) Microsoft Corporation.  All rights reserved.
  cl /c /Zi /W3 /WX- /diagnostics:column /Od /Ob0 /D WIN32 /D _WINDOWS /D WIN32_LEAN_AND_MEAN=1 /D NOGDI=1 /D "CMAKE_INTDIR=\"Debug\"" /D _MBCS /Gm- /RTC1 /MDd /GS /fp:precise /Zc:wchar_t /Zc:forScope /Zc:inline /Fo"cmTC_da0ba.dir\Debug\\" /Fd"cmTC_da0ba.dir\Debug\vc142.pdb" /Gd /TC /errorReport:queue D:\Documents\Projects\hwsim\build\dependencies\hdf5\CMakeFiles\CheckTypeSize\H5_SIZEOF_SSIZE_T.c
D:\Documents\Projects\hwsim\build\dependencies\hdf5\CMakeFiles\CheckTypeSize\H5_SIZEOF_SSIZE_T.c(25,12): error C2065: 'ssize_t': undeclared identifier [D:\Documents\Projects\hwsim\build\dependencies\hdf5\CMakeFiles\CMakeTmp\cmTC_da0ba.vcxproj]
D:\Documents\Projects\hwsim\build\dependencies\hdf5\CMakeFiles\CheckTypeSize\H5_SIZEOF_SSIZE_T.c(26,12): error C2065: 'ssize_t': undeclared identifier [D:\Documents\Projects\hwsim\build\dependencies\hdf5\CMakeFiles\CMakeTmp\cmTC_da0ba.vcxproj]
D:\Documents\Projects\hwsim\build\dependencies\hdf5\CMakeFiles\CheckTypeSize\H5_SIZEOF_SSIZE_T.c(27,12): error C2065: 'ssize_t': undeclared identifier [D:\Documents\Projects\hwsim\build\dependencies\hdf5\CMakeFiles\CMakeTmp\cmTC_da0ba.vcxproj]
D:\Documents\Projects\hwsim\build\dependencies\hdf5\CMakeFiles\CheckTypeSize\H5_SIZEOF_SSIZE_T.c(28,12): error C2065: 'ssize_t': undeclared identifier [D:\Documents\Projects\hwsim\build\dependencies\hdf5\CMakeFiles\CMakeTmp\cmTC_da0ba.vcxproj]
D:\Documents\Projects\hwsim\build\dependencies\hdf5\CMakeFiles\CheckTypeSize\H5_SIZEOF_SSIZE_T.c(29,12): error C2065: 'ssize_t': undeclared identifier [D:\Documents\Projects\hwsim\build\dependencies\hdf5\CMakeFiles\CMakeTmp\cmTC_da0ba.vcxproj]


D:/Documents/Projects/hwsim/build/dependencies/hdf5/CMakeFiles/CheckTypeSize/H5_SIZEOF_SSIZE_T.c:
#include <sys/types.h>
#include <stdint.h>
#include <stddef.h>


#undef KEY
#if defined(__i386)
# define KEY '_','_','i','3','8','6'
#elif defined(__x86_64)
# define KEY '_','_','x','8','6','_','6','4'
#elif defined(__ppc__)
# define KEY '_','_','p','p','c','_','_'
#elif defined(__ppc64__)
# define KEY '_','_','p','p','c','6','4','_','_'
#elif defined(__aarch64__)
# define KEY '_','_','a','a','r','c','h','6','4','_','_'
#elif defined(__ARM_ARCH_7A__)
# define KEY '_','_','A','R','M','_','A','R','C','H','_','7','A','_','_'
#elif defined(__ARM_ARCH_7S__)
# define KEY '_','_','A','R','M','_','A','R','C','H','_','7','S','_','_'
#endif

#define SIZE (sizeof(ssize_t))
static char info_size[] =  {'I', 'N', 'F', 'O', ':', 's','i','z','e','[',
  ('0' + ((SIZE / 10000)%10)),
  ('0' + ((SIZE / 1000)%10)),
  ('0' + ((SIZE / 100)%10)),
  ('0' + ((SIZE / 10)%10)),
  ('0' +  (SIZE    % 10)),
  ']',
#ifdef KEY
  ' ','k','e','y','[', KEY, ']',
#endif
  '\0'};

#ifdef __CLASSIC_C__
int main(argc, argv) int argc; char *argv[];
#else
int main(int argc, char *argv[])
#endif
{
  int require = 0;
  require += info_size[argc];
  (void)argv;
  return require;
}


Determining size of off64_t failed with the following output:
Change Dir: D:/Documents/Projects/hwsim/build/dependencies/hdf5/CMakeFiles/CMakeTmp

Run Build Command(s):C:/Program Files (x86)/Microsoft Visual Studio/2019/BuildTools/MSBuild/Current/Bin/MSBuild.exe cmTC_57c48.vcxproj /p:Configuration=Debug /p:Platform=x64 /p:VisualStudioVersion=16.0 /v:m && Microsoft (R) Build Engine version 16.7.0+b89cb5fde for .NET Framework
Copyright (C) Microsoft Corporation. All rights reserved.

  Microsoft (R) C/C++ Optimizing Compiler Version 19.27.29112 for x64
  H5_SIZEOF_OFF64_T.c
  Copyright (C) Microsoft Corporation.  All rights reserved.
  cl /c /Zi /W3 /WX- /diagnostics:column /Od /Ob0 /D WIN32 /D _WINDOWS /D WIN32_LEAN_AND_MEAN=1 /D NOGDI=1 /D "CMAKE_INTDIR=\"Debug\"" /D _MBCS /Gm- /RTC1 /MDd /GS /fp:precise /Zc:wchar_t /Zc:forScope /Zc:inline /Fo"cmTC_57c48.dir\Debug\\" /Fd"cmTC_57c48.dir\Debug\vc142.pdb" /Gd /TC /errorReport:queue D:\Documents\Projects\hwsim\build\dependencies\hdf5\CMakeFiles\CheckTypeSize\H5_SIZEOF_OFF64_T.c
D:\Documents\Projects\hwsim\build\dependencies\hdf5\CMakeFiles\CheckTypeSize\H5_SIZEOF_OFF64_T.c(25,12): error C2065: 'off64_t': undeclared identifier [D:\Documents\Projects\hwsim\build\dependencies\hdf5\CMakeFiles\CMakeTmp\cmTC_57c48.vcxproj]
D:\Documents\Projects\hwsim\build\dependencies\hdf5\CMakeFiles\CheckTypeSize\H5_SIZEOF_OFF64_T.c(26,12): error C2065: 'off64_t': undeclared identifier [D:\Documents\Projects\hwsim\build\dependencies\hdf5\CMakeFiles\CMakeTmp\cmTC_57c48.vcxproj]
D:\Documents\Projects\hwsim\build\dependencies\hdf5\CMakeFiles\CheckTypeSize\H5_SIZEOF_OFF64_T.c(27,12): error C2065: 'off64_t': undeclared identifier [D:\Documents\Projects\hwsim\build\dependencies\hdf5\CMakeFiles\CMakeTmp\cmTC_57c48.vcxproj]
D:\Documents\Projects\hwsim\build\dependencies\hdf5\CMakeFiles\CheckTypeSize\H5_SIZEOF_OFF64_T.c(28,12): error C2065: 'off64_t': undeclared identifier [D:\Documents\Projects\hwsim\build\dependencies\hdf5\CMakeFiles\CMakeTmp\cmTC_57c48.vcxproj]
D:\Documents\Projects\hwsim\build\dependencies\hdf5\CMakeFiles\CheckTypeSize\H5_SIZEOF_OFF64_T.c(29,12): error C2065: 'off64_t': undeclared identifier [D:\Documents\Projects\hwsim\build\dependencies\hdf5\CMakeFiles\CMakeTmp\cmTC_57c48.vcxproj]


D:/Documents/Projects/hwsim/build/dependencies/hdf5/CMakeFiles/CheckTypeSize/H5_SIZEOF_OFF64_T.c:
#include <sys/types.h>
#include <stdint.h>
#include <stddef.h>


#undef KEY
#if defined(__i386)
# define KEY '_','_','i','3','8','6'
#elif defined(__x86_64)
# define KEY '_','_','x','8','6','_','6','4'
#elif defined(__ppc__)
# define KEY '_','_','p','p','c','_','_'
#elif defined(__ppc64__)
# define KEY '_','_','p','p','c','6','4','_','_'
#elif defined(__aarch64__)
# define KEY '_','_','a','a','r','c','h','6','4','_','_'
#elif defined(__ARM_ARCH_7A__)
# define KEY '_','_','A','R','M','_','A','R','C','H','_','7','A','_','_'
#elif defined(__ARM_ARCH_7S__)
# define KEY '_','_','A','R','M','_','A','R','C','H','_','7','S','_','_'
#endif

#define SIZE (sizeof(off64_t))
static char info_size[] =  {'I', 'N', 'F', 'O', ':', 's','i','z','e','[',
  ('0' + ((SIZE / 10000)%10)),
  ('0' + ((SIZE / 1000)%10)),
  ('0' + ((SIZE / 100)%10)),
  ('0' + ((SIZE / 10)%10)),
  ('0' +  (SIZE    % 10)),
  ']',
#ifdef KEY
  ' ','k','e','y','[', KEY, ']',
#endif
  '\0'};

#ifdef __CLASSIC_C__
int main(argc, argv) int argc; char *argv[];
#else
int main(int argc, char *argv[])
#endif
{
  int require = 0;
  require += info_size[argc];
  (void)argv;
  return require;
}


Determining if the function alarm exists failed with the following output:
Change Dir: D:/Documents/Projects/hwsim/build/dependencies/hdf5/CMakeFiles/CMakeTmp

Run Build Command(s):C:/Program Files (x86)/Microsoft Visual Studio/2019/BuildTools/MSBuild/Current/Bin/MSBuild.exe cmTC_f13c0.vcxproj /p:Configuration=Debug /p:Platform=x64 /p:VisualStudioVersion=16.0 /v:m && Microsoft (R) Build Engine version 16.7.0+b89cb5fde for .NET Framework
Copyright (C) Microsoft Corporation. All rights reserved.

  Microsoft (R) C/C++ Optimizing Compiler Version 19.27.29112 for x64
  CheckFunctionExists.c
  Copyright (C) Microsoft Corporation.  All rights reserved.
  cl /c /Zi /W3 /WX- /diagnostics:column /Od /Ob0 /D WIN32 /D _WINDOWS /D CHECK_FUNCTION_EXISTS=alarm /D WIN32_LEAN_AND_MEAN=1 /D NOGDI=1 /D "CMAKE_INTDIR=\"Debug\"" /D _MBCS /Gm- /RTC1 /MDd /GS /fp:precise /Zc:wchar_t /Zc:forScope /Zc:inline /Fo"cmTC_f13c0.dir\Debug\\" /Fd"cmTC_f13c0.dir\Debug\vc142.pdb" /Gd /TC /errorReport:queue "C:\Program Files (x86)\Microsoft Visual Studio\2019\BuildTools\Common7\IDE\CommonExtensions\Microsoft\CMake\CMake\share\cmake-3.17\Modules\CheckFunctionExists.c"
CheckFunctionExists.obj : error LNK2019: unresolved external symbol alarm referenced in function main [D:\Documents\Projects\hwsim\build\dependencies\hdf5\CMakeFiles\CMakeTmp\cmTC_f13c0.vcxproj]
D:\Documents\Projects\hwsim\build\dependencies\hdf5\CMakeFiles\CMakeTmp\Debug\cmTC_f13c0.exe : fatal error LNK1120: 1 unresolved externals [D:\Documents\Projects\hwsim\build\dependencies\hdf5\CMakeFiles\CMakeTmp\cmTC_f13c0.vcxproj]



Determining if the function fcntl exists failed with the following output:
Change Dir: D:/Documents/Projects/hwsim/build/dependencies/hdf5/CMakeFiles/CMakeTmp

Run Build Command(s):C:/Program Files (x86)/Microsoft Visual Studio/2019/BuildTools/MSBuild/Current/Bin/MSBuild.exe cmTC_217b1.vcxproj /p:Configuration=Debug /p:Platform=x64 /p:VisualStudioVersion=16.0 /v:m && Microsoft (R) Build Engine version 16.7.0+b89cb5fde for .NET Framework
Copyright (C) Microsoft Corporation. All rights reserved.

  Microsoft (R) C/C++ Optimizing Compiler Version 19.27.29112 for x64
  CheckFunctionExists.c
  Copyright (C) Microsoft Corporation.  All rights reserved.
  cl /c /Zi /W3 /WX- /diagnostics:column /Od /Ob0 /D WIN32 /D _WINDOWS /D CHECK_FUNCTION_EXISTS=fcntl /D WIN32_LEAN_AND_MEAN=1 /D NOGDI=1 /D "CMAKE_INTDIR=\"Debug\"" /D _MBCS /Gm- /RTC1 /MDd /GS /fp:precise /Zc:wchar_t /Zc:forScope /Zc:inline /Fo"cmTC_217b1.dir\Debug\\" /Fd"cmTC_217b1.dir\Debug\vc142.pdb" /Gd /TC /errorReport:queue "C:\Program Files (x86)\Microsoft Visual Studio\2019\BuildTools\Common7\IDE\CommonExtensions\Microsoft\CMake\CMake\share\cmake-3.17\Modules\CheckFunctionExists.c"
CheckFunctionExists.obj : error LNK2019: unresolved external symbol fcntl referenced in function main [D:\Documents\Projects\hwsim\build\dependencies\hdf5\CMakeFiles\CMakeTmp\cmTC_217b1.vcxproj]
D:\Documents\Projects\hwsim\build\dependencies\hdf5\CMakeFiles\CMakeTmp\Debug\cmTC_217b1.exe : fatal error LNK1120: 1 unresolved externals [D:\Documents\Projects\hwsim\build\dependencies\hdf5\CMakeFiles\CMakeTmp\cmTC_217b1.vcxproj]



Determining if the function flock exists failed with the following output:
Change Dir: D:/Documents/Projects/hwsim/build/dependencies/hdf5/CMakeFiles/CMakeTmp

Run Build Command(s):C:/Program Files (x86)/Microsoft Visual Studio/2019/BuildTools/MSBuild/Current/Bin/MSBuild.exe cmTC_ac706.vcxproj /p:Configuration=Debug /p:Platform=x64 /p:VisualStudioVersion=16.0 /v:m && Microsoft (R) Build Engine version 16.7.0+b89cb5fde for .NET Framework
Copyright (C) Microsoft Corporation. All rights reserved.

  Microsoft (R) C/C++ Optimizing Compiler Version 19.27.29112 for x64
  CheckFunctionExists.c
  Copyright (C) Microsoft Corporation.  All rights reserved.
  cl /c /Zi /W3 /WX- /diagnostics:column /Od /Ob0 /D WIN32 /D _WINDOWS /D CHECK_FUNCTION_EXISTS=flock /D WIN32_LEAN_AND_MEAN=1 /D NOGDI=1 /D "CMAKE_INTDIR=\"Debug\"" /D _MBCS /Gm- /RTC1 /MDd /GS /fp:precise /Zc:wchar_t /Zc:forScope /Zc:inline /Fo"cmTC_ac706.dir\Debug\\" /Fd"cmTC_ac706.dir\Debug\vc142.pdb" /Gd /TC /errorReport:queue "C:\Program Files (x86)\Microsoft Visual Studio\2019\BuildTools\Common7\IDE\CommonExtensions\Microsoft\CMake\CMake\share\cmake-3.17\Modules\CheckFunctionExists.c"
CheckFunctionExists.obj : error LNK2019: unresolved external symbol flock referenced in function main [D:\Documents\Projects\hwsim\build\dependencies\hdf5\CMakeFiles\CMakeTmp\cmTC_ac706.vcxproj]
D:\Documents\Projects\hwsim\build\dependencies\hdf5\CMakeFiles\CMakeTmp\Debug\cmTC_ac706.exe : fatal error LNK1120: 1 unresolved externals [D:\Documents\Projects\hwsim\build\dependencies\hdf5\CMakeFiles\CMakeTmp\cmTC_ac706.vcxproj]



Determining if the function fork exists failed with the following output:
Change Dir: D:/Documents/Projects/hwsim/build/dependencies/hdf5/CMakeFiles/CMakeTmp

Run Build Command(s):C:/Program Files (x86)/Microsoft Visual Studio/2019/BuildTools/MSBuild/Current/Bin/MSBuild.exe cmTC_96f5f.vcxproj /p:Configuration=Debug /p:Platform=x64 /p:VisualStudioVersion=16.0 /v:m && Microsoft (R) Build Engine version 16.7.0+b89cb5fde for .NET Framework
Copyright (C) Microsoft Corporation. All rights reserved.

  Microsoft (R) C/C++ Optimizing Compiler Version 19.27.29112 for x64
  CheckFunctionExists.c
  Copyright (C) Microsoft Corporation.  All rights reserved.
  cl /c /Zi /W3 /WX- /diagnostics:column /Od /Ob0 /D WIN32 /D _WINDOWS /D CHECK_FUNCTION_EXISTS=fork /D WIN32_LEAN_AND_MEAN=1 /D NOGDI=1 /D "CMAKE_INTDIR=\"Debug\"" /D _MBCS /Gm- /RTC1 /MDd /GS /fp:precise /Zc:wchar_t /Zc:forScope /Zc:inline /Fo"cmTC_96f5f.dir\Debug\\" /Fd"cmTC_96f5f.dir\Debug\vc142.pdb" /Gd /TC /errorReport:queue "C:\Program Files (x86)\Microsoft Visual Studio\2019\BuildTools\Common7\IDE\CommonExtensions\Microsoft\CMake\CMake\share\cmake-3.17\Modules\CheckFunctionExists.c"
CheckFunctionExists.obj : error LNK2019: unresolved external symbol fork referenced in function main [D:\Documents\Projects\hwsim\build\dependencies\hdf5\CMakeFiles\CMakeTmp\cmTC_96f5f.vcxproj]
D:\Documents\Projects\hwsim\build\dependencies\hdf5\CMakeFiles\CMakeTmp\Debug\cmTC_96f5f.exe : fatal error LNK1120: 1 unresolved externals [D:\Documents\Projects\hwsim\build\dependencies\hdf5\CMakeFiles\CMakeTmp\cmTC_96f5f.vcxproj]



Determining if the function frexpf exists failed with the following output:
Change Dir: D:/Documents/Projects/hwsim/build/dependencies/hdf5/CMakeFiles/CMakeTmp

Run Build Command(s):C:/Program Files (x86)/Microsoft Visual Studio/2019/BuildTools/MSBuild/Current/Bin/MSBuild.exe cmTC_58390.vcxproj /p:Configuration=Debug /p:Platform=x64 /p:VisualStudioVersion=16.0 /v:m && Microsoft (R) Build Engine version 16.7.0+b89cb5fde for .NET Framework
Copyright (C) Microsoft Corporation. All rights reserved.

  Microsoft (R) C/C++ Optimizing Compiler Version 19.27.29112 for x64
  CheckFunctionExists.c
  Copyright (C) Microsoft Corporation.  All rights reserved.
  cl /c /Zi /W3 /WX- /diagnostics:column /Od /Ob0 /D WIN32 /D _WINDOWS /D CHECK_FUNCTION_EXISTS=frexpf /D WIN32_LEAN_AND_MEAN=1 /D NOGDI=1 /D "CMAKE_INTDIR=\"Debug\"" /D _MBCS /Gm- /RTC1 /MDd /GS /fp:precise /Zc:wchar_t /Zc:forScope /Zc:inline /Fo"cmTC_58390.dir\Debug\\" /Fd"cmTC_58390.dir\Debug\vc142.pdb" /Gd /TC /errorReport:queue "C:\Program Files (x86)\Microsoft Visual Studio\2019\BuildTools\Common7\IDE\CommonExtensions\Microsoft\CMake\CMake\share\cmake-3.17\Modules\CheckFunctionExists.c"
CheckFunctionExists.obj : error LNK2019: unresolved external symbol frexpf referenced in function main [D:\Documents\Projects\hwsim\build\dependencies\hdf5\CMakeFiles\CMakeTmp\cmTC_58390.vcxproj]
D:\Documents\Projects\hwsim\build\dependencies\hdf5\CMakeFiles\CMakeTmp\Debug\cmTC_58390.exe : fatal error LNK1120: 1 unresolved externals [D:\Documents\Projects\hwsim\build\dependencies\hdf5\CMakeFiles\CMakeTmp\cmTC_58390.vcxproj]



Determining if the function frexpl exists failed with the following output:
Change Dir: D:/Documents/Projects/hwsim/build/dependencies/hdf5/CMakeFiles/CMakeTmp

Run Build Command(s):C:/Program Files (x86)/Microsoft Visual Studio/2019/BuildTools/MSBuild/Current/Bin/MSBuild.exe cmTC_69e2b.vcxproj /p:Configuration=Debug /p:Platform=x64 /p:VisualStudioVersion=16.0 /v:m && Microsoft (R) Build Engine version 16.7.0+b89cb5fde for .NET Framework
Copyright (C) Microsoft Corporation. All rights reserved.

  Microsoft (R) C/C++ Optimizing Compiler Version 19.27.29112 for x64
  CheckFunctionExists.c
  Copyright (C) Microsoft Corporation.  All rights reserved.
  cl /c /Zi /W3 /WX- /diagnostics:column /Od /Ob0 /D WIN32 /D _WINDOWS /D CHECK_FUNCTION_EXISTS=frexpl /D WIN32_LEAN_AND_MEAN=1 /D NOGDI=1 /D "CMAKE_INTDIR=\"Debug\"" /D _MBCS /Gm- /RTC1 /MDd /GS /fp:precise /Zc:wchar_t /Zc:forScope /Zc:inline /Fo"cmTC_69e2b.dir\Debug\\" /Fd"cmTC_69e2b.dir\Debug\vc142.pdb" /Gd /TC /errorReport:queue "C:\Program Files (x86)\Microsoft Visual Studio\2019\BuildTools\Common7\IDE\CommonExtensions\Microsoft\CMake\CMake\share\cmake-3.17\Modules\CheckFunctionExists.c"
CheckFunctionExists.obj : error LNK2019: unresolved external symbol frexpl referenced in function main [D:\Documents\Projects\hwsim\build\dependencies\hdf5\CMakeFiles\CMakeTmp\cmTC_69e2b.vcxproj]
D:\Documents\Projects\hwsim\build\dependencies\hdf5\CMakeFiles\CMakeTmp\Debug\cmTC_69e2b.exe : fatal error LNK1120: 1 unresolved externals [D:\Documents\Projects\hwsim\build\dependencies\hdf5\CMakeFiles\CMakeTmp\cmTC_69e2b.vcxproj]



Determining if the function getrusage exists failed with the following output:
Change Dir: D:/Documents/Projects/hwsim/build/dependencies/hdf5/CMakeFiles/CMakeTmp

Run Build Command(s):C:/Program Files (x86)/Microsoft Visual Studio/2019/BuildTools/MSBuild/Current/Bin/MSBuild.exe cmTC_cce0f.vcxproj /p:Configuration=Debug /p:Platform=x64 /p:VisualStudioVersion=16.0 /v:m && Microsoft (R) Build Engine version 16.7.0+b89cb5fde for .NET Framework
Copyright (C) Microsoft Corporation. All rights reserved.

  Microsoft (R) C/C++ Optimizing Compiler Version 19.27.29112 for x64
  CheckFunctionExists.c
  Copyright (C) Microsoft Corporation.  All rights reserved.
  cl /c /Zi /W3 /WX- /diagnostics:column /Od /Ob0 /D WIN32 /D _WINDOWS /D CHECK_FUNCTION_EXISTS=getrusage /D WIN32_LEAN_AND_MEAN=1 /D NOGDI=1 /D "CMAKE_INTDIR=\"Debug\"" /D _MBCS /Gm- /RTC1 /MDd /GS /fp:precise /Zc:wchar_t /Zc:forScope /Zc:inline /Fo"cmTC_cce0f.dir\Debug\\" /Fd"cmTC_cce0f.dir\Debug\vc142.pdb" /Gd /TC /errorReport:queue "C:\Program Files (x86)\Microsoft Visual Studio\2019\BuildTools\Common7\IDE\CommonExtensions\Microsoft\CMake\CMake\share\cmake-3.17\Modules\CheckFunctionExists.c"
CheckFunctionExists.obj : error LNK2019: unresolved external symbol getrusage referenced in function main [D:\Documents\Projects\hwsim\build\dependencies\hdf5\CMakeFiles\CMakeTmp\cmTC_cce0f.vcxproj]
D:\Documents\Projects\hwsim\build\dependencies\hdf5\CMakeFiles\CMakeTmp\Debug\cmTC_cce0f.exe : fatal error LNK1120: 1 unresolved externals [D:\Documents\Projects\hwsim\build\dependencies\hdf5\CMakeFiles\CMakeTmp\cmTC_cce0f.vcxproj]



Determining if the function lstat exists failed with the following output:
Change Dir: D:/Documents/Projects/hwsim/build/dependencies/hdf5/CMakeFiles/CMakeTmp

Run Build Command(s):C:/Program Files (x86)/Microsoft Visual Studio/2019/BuildTools/MSBuild/Current/Bin/MSBuild.exe cmTC_c1d02.vcxproj /p:Configuration=Debug /p:Platform=x64 /p:VisualStudioVersion=16.0 /v:m && Microsoft (R) Build Engine version 16.7.0+b89cb5fde for .NET Framework
Copyright (C) Microsoft Corporation. All rights reserved.

  Microsoft (R) C/C++ Optimizing Compiler Version 19.27.29112 for x64
  CheckFunctionExists.c
  Copyright (C) Microsoft Corporation.  All rights reserved.
  cl /c /Zi /W3 /WX- /diagnostics:column /Od /Ob0 /D WIN32 /D _WINDOWS /D CHECK_FUNCTION_EXISTS=lstat /D WIN32_LEAN_AND_MEAN=1 /D NOGDI=1 /D "CMAKE_INTDIR=\"Debug\"" /D _MBCS /Gm- /RTC1 /MDd /GS /fp:precise /Zc:wchar_t /Zc:forScope /Zc:inline /Fo"cmTC_c1d02.dir\Debug\\" /Fd"cmTC_c1d02.dir\Debug\vc142.pdb" /Gd /TC /errorReport:queue "C:\Program Files (x86)\Microsoft Visual Studio\2019\BuildTools\Common7\IDE\CommonExtensions\Microsoft\CMake\CMake\share\cmake-3.17\Modules\CheckFunctionExists.c"
CheckFunctionExists.obj : error LNK2019: unresolved external symbol lstat referenced in function main [D:\Documents\Projects\hwsim\build\dependencies\hdf5\CMakeFiles\CMakeTmp\cmTC_c1d02.vcxproj]
D:\Documents\Projects\hwsim\build\dependencies\hdf5\CMakeFiles\CMakeTmp\Debug\cmTC_c1d02.exe : fatal error LNK1120: 1 unresolved externals [D:\Documents\Projects\hwsim\build\dependencies\hdf5\CMakeFiles\CMakeTmp\cmTC_c1d02.vcxproj]



Determining if the function pread exists failed with the following output:
Change Dir: D:/Documents/Projects/hwsim/build/dependencies/hdf5/CMakeFiles/CMakeTmp

Run Build Command(s):C:/Program Files (x86)/Microsoft Visual Studio/2019/BuildTools/MSBuild/Current/Bin/MSBuild.exe cmTC_ac5c1.vcxproj /p:Configuration=Debug /p:Platform=x64 /p:VisualStudioVersion=16.0 /v:m && Microsoft (R) Build Engine version 16.7.0+b89cb5fde for .NET Framework
Copyright (C) Microsoft Corporation. All rights reserved.

  Microsoft (R) C/C++ Optimizing Compiler Version 19.27.29112 for x64
  CheckFunctionExists.c
  Copyright (C) Microsoft Corporation.  All rights reserved.
  cl /c /Zi /W3 /WX- /diagnostics:column /Od /Ob0 /D WIN32 /D _WINDOWS /D CHECK_FUNCTION_EXISTS=pread /D WIN32_LEAN_AND_MEAN=1 /D NOGDI=1 /D "CMAKE_INTDIR=\"Debug\"" /D _MBCS /Gm- /RTC1 /MDd /GS /fp:precise /Zc:wchar_t /Zc:forScope /Zc:inline /Fo"cmTC_ac5c1.dir\Debug\\" /Fd"cmTC_ac5c1.dir\Debug\vc142.pdb" /Gd /TC /errorReport:queue "C:\Program Files (x86)\Microsoft Visual Studio\2019\BuildTools\Common7\IDE\CommonExtensions\Microsoft\CMake\CMake\share\cmake-3.17\Modules\CheckFunctionExists.c"
CheckFunctionExists.obj : error LNK2019: unresolved external symbol pread referenced in function main [D:\Documents\Projects\hwsim\build\dependencies\hdf5\CMakeFiles\CMakeTmp\cmTC_ac5c1.vcxproj]
D:\Documents\Projects\hwsim\build\dependencies\hdf5\CMakeFiles\CMakeTmp\Debug\cmTC_ac5c1.exe : fatal error LNK1120: 1 unresolved externals [D:\Documents\Projects\hwsim\build\dependencies\hdf5\CMakeFiles\CMakeTmp\cmTC_ac5c1.vcxproj]



Determining if the function pwrite exists failed with the following output:
Change Dir: D:/Documents/Projects/hwsim/build/dependencies/hdf5/CMakeFiles/CMakeTmp

Run Build Command(s):C:/Program Files (x86)/Microsoft Visual Studio/2019/BuildTools/MSBuild/Current/Bin/MSBuild.exe cmTC_1509a.vcxproj /p:Configuration=Debug /p:Platform=x64 /p:VisualStudioVersion=16.0 /v:m && Microsoft (R) Build Engine version 16.7.0+b89cb5fde for .NET Framework
Copyright (C) Microsoft Corporation. All rights reserved.

  Microsoft (R) C/C++ Optimizing Compiler Version 19.27.29112 for x64
  CheckFunctionExists.c
  Copyright (C) Microsoft Corporation.  All rights reserved.
  cl /c /Zi /W3 /WX- /diagnostics:column /Od /Ob0 /D WIN32 /D _WINDOWS /D CHECK_FUNCTION_EXISTS=pwrite /D WIN32_LEAN_AND_MEAN=1 /D NOGDI=1 /D "CMAKE_INTDIR=\"Debug\"" /D _MBCS /Gm- /RTC1 /MDd /GS /fp:precise /Zc:wchar_t /Zc:forScope /Zc:inline /Fo"cmTC_1509a.dir\Debug\\" /Fd"cmTC_1509a.dir\Debug\vc142.pdb" /Gd /TC /errorReport:queue "C:\Program Files (x86)\Microsoft Visual Studio\2019\BuildTools\Common7\IDE\CommonExtensions\Microsoft\CMake\CMake\share\cmake-3.17\Modules\CheckFunctionExists.c"
CheckFunctionExists.obj : error LNK2019: unresolved external symbol pwrite referenced in function main [D:\Documents\Projects\hwsim\build\dependencies\hdf5\CMakeFiles\CMakeTmp\cmTC_1509a.vcxproj]
D:\Documents\Projects\hwsim\build\dependencies\hdf5\CMakeFiles\CMakeTmp\Debug\cmTC_1509a.exe : fatal error LNK1120: 1 unresolved externals [D:\Documents\Projects\hwsim\build\dependencies\hdf5\CMakeFiles\CMakeTmp\cmTC_1509a.vcxproj]



Determining if the function rand_r exists failed with the following output:
Change Dir: D:/Documents/Projects/hwsim/build/dependencies/hdf5/CMakeFiles/CMakeTmp

Run Build Command(s):C:/Program Files (x86)/Microsoft Visual Studio/2019/BuildTools/MSBuild/Current/Bin/MSBuild.exe cmTC_ebc27.vcxproj /p:Configuration=Debug /p:Platform=x64 /p:VisualStudioVersion=16.0 /v:m && Microsoft (R) Build Engine version 16.7.0+b89cb5fde for .NET Framework
Copyright (C) Microsoft Corporation. All rights reserved.

  Microsoft (R) C/C++ Optimizing Compiler Version 19.27.29112 for x64
  CheckFunctionExists.c
  Copyright (C) Microsoft Corporation.  All rights reserved.
  cl /c /Zi /W3 /WX- /diagnostics:column /Od /Ob0 /D WIN32 /D _WINDOWS /D CHECK_FUNCTION_EXISTS=rand_r /D WIN32_LEAN_AND_MEAN=1 /D NOGDI=1 /D "CMAKE_INTDIR=\"Debug\"" /D _MBCS /Gm- /RTC1 /MDd /GS /fp:precise /Zc:wchar_t /Zc:forScope /Zc:inline /Fo"cmTC_ebc27.dir\Debug\\" /Fd"cmTC_ebc27.dir\Debug\vc142.pdb" /Gd /TC /errorReport:queue "C:\Program Files (x86)\Microsoft Visual Studio\2019\BuildTools\Common7\IDE\CommonExtensions\Microsoft\CMake\CMake\share\cmake-3.17\Modules\CheckFunctionExists.c"
CheckFunctionExists.obj : error LNK2019: unresolved external symbol rand_r referenced in function main [D:\Documents\Projects\hwsim\build\dependencies\hdf5\CMakeFiles\CMakeTmp\cmTC_ebc27.vcxproj]
D:\Documents\Projects\hwsim\build\dependencies\hdf5\CMakeFiles\CMakeTmp\Debug\cmTC_ebc27.exe : fatal error LNK1120: 1 unresolved externals [D:\Documents\Projects\hwsim\build\dependencies\hdf5\CMakeFiles\CMakeTmp\cmTC_ebc27.vcxproj]



Determining if the function random exists failed with the following output:
Change Dir: D:/Documents/Projects/hwsim/build/dependencies/hdf5/CMakeFiles/CMakeTmp

Run Build Command(s):C:/Program Files (x86)/Microsoft Visual Studio/2019/BuildTools/MSBuild/Current/Bin/MSBuild.exe cmTC_9ee71.vcxproj /p:Configuration=Debug /p:Platform=x64 /p:VisualStudioVersion=16.0 /v:m && Microsoft (R) Build Engine version 16.7.0+b89cb5fde for .NET Framework
Copyright (C) Microsoft Corporation. All rights reserved.

  Microsoft (R) C/C++ Optimizing Compiler Version 19.27.29112 for x64
  CheckFunctionExists.c
  Copyright (C) Microsoft Corporation.  All rights reserved.
  cl /c /Zi /W3 /WX- /diagnostics:column /Od /Ob0 /D WIN32 /D _WINDOWS /D CHECK_FUNCTION_EXISTS=random /D WIN32_LEAN_AND_MEAN=1 /D NOGDI=1 /D "CMAKE_INTDIR=\"Debug\"" /D _MBCS /Gm- /RTC1 /MDd /GS /fp:precise /Zc:wchar_t /Zc:forScope /Zc:inline /Fo"cmTC_9ee71.dir\Debug\\" /Fd"cmTC_9ee71.dir\Debug\vc142.pdb" /Gd /TC /errorReport:queue "C:\Program Files (x86)\Microsoft Visual Studio\2019\BuildTools\Common7\IDE\CommonExtensions\Microsoft\CMake\CMake\share\cmake-3.17\Modules\CheckFunctionExists.c"
CheckFunctionExists.obj : error LNK2019: unresolved external symbol random referenced in function main [D:\Documents\Projects\hwsim\build\dependencies\hdf5\CMakeFiles\CMakeTmp\cmTC_9ee71.vcxproj]
D:\Documents\Projects\hwsim\build\dependencies\hdf5\CMakeFiles\CMakeTmp\Debug\cmTC_9ee71.exe : fatal error LNK1120: 1 unresolved externals [D:\Documents\Projects\hwsim\build\dependencies\hdf5\CMakeFiles\CMakeTmp\cmTC_9ee71.vcxproj]



Determining if the function setsysinfo exists failed with the following output:
Change Dir: D:/Documents/Projects/hwsim/build/dependencies/hdf5/CMakeFiles/CMakeTmp

Run Build Command(s):C:/Program Files (x86)/Microsoft Visual Studio/2019/BuildTools/MSBuild/Current/Bin/MSBuild.exe cmTC_8992e.vcxproj /p:Configuration=Debug /p:Platform=x64 /p:VisualStudioVersion=16.0 /v:m && Microsoft (R) Build Engine version 16.7.0+b89cb5fde for .NET Framework
Copyright (C) Microsoft Corporation. All rights reserved.

  Microsoft (R) C/C++ Optimizing Compiler Version 19.27.29112 for x64
  CheckFunctionExists.c
  Copyright (C) Microsoft Corporation.  All rights reserved.
  cl /c /Zi /W3 /WX- /diagnostics:column /Od /Ob0 /D WIN32 /D _WINDOWS /D CHECK_FUNCTION_EXISTS=setsysinfo /D WIN32_LEAN_AND_MEAN=1 /D NOGDI=1 /D "CMAKE_INTDIR=\"Debug\"" /D _MBCS /Gm- /RTC1 /MDd /GS /fp:precise /Zc:wchar_t /Zc:forScope /Zc:inline /Fo"cmTC_8992e.dir\Debug\\" /Fd"cmTC_8992e.dir\Debug\vc142.pdb" /Gd /TC /errorReport:queue "C:\Program Files (x86)\Microsoft Visual Studio\2019\BuildTools\Common7\IDE\CommonExtensions\Microsoft\CMake\CMake\share\cmake-3.17\Modules\CheckFunctionExists.c"
CheckFunctionExists.obj : error LNK2019: unresolved external symbol setsysinfo referenced in function main [D:\Documents\Projects\hwsim\build\dependencies\hdf5\CMakeFiles\CMakeTmp\cmTC_8992e.vcxproj]
D:\Documents\Projects\hwsim\build\dependencies\hdf5\CMakeFiles\CMakeTmp\Debug\cmTC_8992e.exe : fatal error LNK1120: 1 unresolved externals [D:\Documents\Projects\hwsim\build\dependencies\hdf5\CMakeFiles\CMakeTmp\cmTC_8992e.vcxproj]



Determining if the function siglongjmp exists failed with the following output:
Change Dir: D:/Documents/Projects/hwsim/build/dependencies/hdf5/CMakeFiles/CMakeTmp

Run Build Command(s):C:/Program Files (x86)/Microsoft Visual Studio/2019/BuildTools/MSBuild/Current/Bin/MSBuild.exe cmTC_18c7f.vcxproj /p:Configuration=Debug /p:Platform=x64 /p:VisualStudioVersion=16.0 /v:m && Microsoft (R) Build Engine version 16.7.0+b89cb5fde for .NET Framework
Copyright (C) Microsoft Corporation. All rights reserved.

  Microsoft (R) C/C++ Optimizing Compiler Version 19.27.29112 for x64
  CheckFunctionExists.c
  Copyright (C) Microsoft Corporation.  All rights reserved.
  cl /c /Zi /W3 /WX- /diagnostics:column /Od /Ob0 /D WIN32 /D _WINDOWS /D CHECK_FUNCTION_EXISTS=siglongjmp /D WIN32_LEAN_AND_MEAN=1 /D NOGDI=1 /D "CMAKE_INTDIR=\"Debug\"" /D _MBCS /Gm- /RTC1 /MDd /GS /fp:precise /Zc:wchar_t /Zc:forScope /Zc:inline /Fo"cmTC_18c7f.dir\Debug\\" /Fd"cmTC_18c7f.dir\Debug\vc142.pdb" /Gd /TC /errorReport:queue "C:\Program Files (x86)\Microsoft Visual Studio\2019\BuildTools\Common7\IDE\CommonExtensions\Microsoft\CMake\CMake\share\cmake-3.17\Modules\CheckFunctionExists.c"
CheckFunctionExists.obj : error LNK2019: unresolved external symbol siglongjmp referenced in function main [D:\Documents\Projects\hwsim\build\dependencies\hdf5\CMakeFiles\CMakeTmp\cmTC_18c7f.vcxproj]
D:\Documents\Projects\hwsim\build\dependencies\hdf5\CMakeFiles\CMakeTmp\Debug\cmTC_18c7f.exe : fatal error LNK1120: 1 unresolved externals [D:\Documents\Projects\hwsim\build\dependencies\hdf5\CMakeFiles\CMakeTmp\cmTC_18c7f.vcxproj]



Determining if the function sigsetjmp exists failed with the following output:
Change Dir: D:/Documents/Projects/hwsim/build/dependencies/hdf5/CMakeFiles/CMakeTmp

Run Build Command(s):C:/Program Files (x86)/Microsoft Visual Studio/2019/BuildTools/MSBuild/Current/Bin/MSBuild.exe cmTC_8d41b.vcxproj /p:Configuration=Debug /p:Platform=x64 /p:VisualStudioVersion=16.0 /v:m && Microsoft (R) Build Engine version 16.7.0+b89cb5fde for .NET Framework
Copyright (C) Microsoft Corporation. All rights reserved.

  Microsoft (R) C/C++ Optimizing Compiler Version 19.27.29112 for x64
  CheckFunctionExists.c
  Copyright (C) Microsoft Corporation.  All rights reserved.
  cl /c /Zi /W3 /WX- /diagnostics:column /Od /Ob0 /D WIN32 /D _WINDOWS /D CHECK_FUNCTION_EXISTS=sigsetjmp /D WIN32_LEAN_AND_MEAN=1 /D NOGDI=1 /D "CMAKE_INTDIR=\"Debug\"" /D _MBCS /Gm- /RTC1 /MDd /GS /fp:precise /Zc:wchar_t /Zc:forScope /Zc:inline /Fo"cmTC_8d41b.dir\Debug\\" /Fd"cmTC_8d41b.dir\Debug\vc142.pdb" /Gd /TC /errorReport:queue "C:\Program Files (x86)\Microsoft Visual Studio\2019\BuildTools\Common7\IDE\CommonExtensions\Microsoft\CMake\CMake\share\cmake-3.17\Modules\CheckFunctionExists.c"
CheckFunctionExists.obj : error LNK2019: unresolved external symbol sigsetjmp referenced in function main [D:\Documents\Projects\hwsim\build\dependencies\hdf5\CMakeFiles\CMakeTmp\cmTC_8d41b.vcxproj]
D:\Documents\Projects\hwsim\build\dependencies\hdf5\CMakeFiles\CMakeTmp\Debug\cmTC_8d41b.exe : fatal error LNK1120: 1 unresolved externals [D:\Documents\Projects\hwsim\build\dependencies\hdf5\CMakeFiles\CMakeTmp\cmTC_8d41b.vcxproj]



Determining if the function sigprocmask exists failed with the following output:
Change Dir: D:/Documents/Projects/hwsim/build/dependencies/hdf5/CMakeFiles/CMakeTmp

Run Build Command(s):C:/Program Files (x86)/Microsoft Visual Studio/2019/BuildTools/MSBuild/Current/Bin/MSBuild.exe cmTC_29ed5.vcxproj /p:Configuration=Debug /p:Platform=x64 /p:VisualStudioVersion=16.0 /v:m && Microsoft (R) Build Engine version 16.7.0+b89cb5fde for .NET Framework
Copyright (C) Microsoft Corporation. All rights reserved.

  Microsoft (R) C/C++ Optimizing Compiler Version 19.27.29112 for x64
  CheckFunctionExists.c
  Copyright (C) Microsoft Corporation.  All rights reserved.
  cl /c /Zi /W3 /WX- /diagnostics:column /Od /Ob0 /D WIN32 /D _WINDOWS /D CHECK_FUNCTION_EXISTS=sigprocmask /D WIN32_LEAN_AND_MEAN=1 /D NOGDI=1 /D "CMAKE_INTDIR=\"Debug\"" /D _MBCS /Gm- /RTC1 /MDd /GS /fp:precise /Zc:wchar_t /Zc:forScope /Zc:inline /Fo"cmTC_29ed5.dir\Debug\\" /Fd"cmTC_29ed5.dir\Debug\vc142.pdb" /Gd /TC /errorReport:queue "C:\Program Files (x86)\Microsoft Visual Studio\2019\BuildTools\Common7\IDE\CommonExtensions\Microsoft\CMake\CMake\share\cmake-3.17\Modules\CheckFunctionExists.c"
CheckFunctionExists.obj : error LNK2019: unresolved external symbol sigprocmask referenced in function main [D:\Documents\Projects\hwsim\build\dependencies\hdf5\CMakeFiles\CMakeTmp\cmTC_29ed5.vcxproj]
D:\Documents\Projects\hwsim\build\dependencies\hdf5\CMakeFiles\CMakeTmp\Debug\cmTC_29ed5.exe : fatal error LNK1120: 1 unresolved externals [D:\Documents\Projects\hwsim\build\dependencies\hdf5\CMakeFiles\CMakeTmp\cmTC_29ed5.vcxproj]



Determining if the function snprintf exists failed with the following output:
Change Dir: D:/Documents/Projects/hwsim/build/dependencies/hdf5/CMakeFiles/CMakeTmp

Run Build Command(s):C:/Program Files (x86)/Microsoft Visual Studio/2019/BuildTools/MSBuild/Current/Bin/MSBuild.exe cmTC_9dd8f.vcxproj /p:Configuration=Debug /p:Platform=x64 /p:VisualStudioVersion=16.0 /v:m && Microsoft (R) Build Engine version 16.7.0+b89cb5fde for .NET Framework
Copyright (C) Microsoft Corporation. All rights reserved.

  Microsoft (R) C/C++ Optimizing Compiler Version 19.27.29112 for x64
  CheckFunctionExists.c
  Copyright (C) Microsoft Corporation.  All rights reserved.
  cl /c /Zi /W3 /WX- /diagnostics:column /Od /Ob0 /D WIN32 /D _WINDOWS /D CHECK_FUNCTION_EXISTS=snprintf /D WIN32_LEAN_AND_MEAN=1 /D NOGDI=1 /D "CMAKE_INTDIR=\"Debug\"" /D _MBCS /Gm- /RTC1 /MDd /GS /fp:precise /Zc:wchar_t /Zc:forScope /Zc:inline /Fo"cmTC_9dd8f.dir\Debug\\" /Fd"cmTC_9dd8f.dir\Debug\vc142.pdb" /Gd /TC /errorReport:queue "C:\Program Files (x86)\Microsoft Visual Studio\2019\BuildTools\Common7\IDE\CommonExtensions\Microsoft\CMake\CMake\share\cmake-3.17\Modules\CheckFunctionExists.c"
CheckFunctionExists.obj : error LNK2019: unresolved external symbol snprintf referenced in function main [D:\Documents\Projects\hwsim\build\dependencies\hdf5\CMakeFiles\CMakeTmp\cmTC_9dd8f.vcxproj]
D:\Documents\Projects\hwsim\build\dependencies\hdf5\CMakeFiles\CMakeTmp\Debug\cmTC_9dd8f.exe : fatal error LNK1120: 1 unresolved externals [D:\Documents\Projects\hwsim\build\dependencies\hdf5\CMakeFiles\CMakeTmp\cmTC_9dd8f.vcxproj]



Determining if the function srandom exists failed with the following output:
Change Dir: D:/Documents/Projects/hwsim/build/dependencies/hdf5/CMakeFiles/CMakeTmp

Run Build Command(s):C:/Program Files (x86)/Microsoft Visual Studio/2019/BuildTools/MSBuild/Current/Bin/MSBuild.exe cmTC_288e6.vcxproj /p:Configuration=Debug /p:Platform=x64 /p:VisualStudioVersion=16.0 /v:m && Microsoft (R) Build Engine version 16.7.0+b89cb5fde for .NET Framework
Copyright (C) Microsoft Corporation. All rights reserved.

  Microsoft (R) C/C++ Optimizing Compiler Version 19.27.29112 for x64
  CheckFunctionExists.c
  Copyright (C) Microsoft Corporation.  All rights reserved.
  cl /c /Zi /W3 /WX- /diagnostics:column /Od /Ob0 /D WIN32 /D _WINDOWS /D CHECK_FUNCTION_EXISTS=srandom /D WIN32_LEAN_AND_MEAN=1 /D NOGDI=1 /D "CMAKE_INTDIR=\"Debug\"" /D _MBCS /Gm- /RTC1 /MDd /GS /fp:precise /Zc:wchar_t /Zc:forScope /Zc:inline /Fo"cmTC_288e6.dir\Debug\\" /Fd"cmTC_288e6.dir\Debug\vc142.pdb" /Gd /TC /errorReport:queue "C:\Program Files (x86)\Microsoft Visual Studio\2019\BuildTools\Common7\IDE\CommonExtensions\Microsoft\CMake\CMake\share\cmake-3.17\Modules\CheckFunctionExists.c"
CheckFunctionExists.obj : error LNK2019: unresolved external symbol srandom referenced in function main [D:\Documents\Projects\hwsim\build\dependencies\hdf5\CMakeFiles\CMakeTmp\cmTC_288e6.vcxproj]
D:\Documents\Projects\hwsim\build\dependencies\hdf5\CMakeFiles\CMakeTmp\Debug\cmTC_288e6.exe : fatal error LNK1120: 1 unresolved externals [D:\Documents\Projects\hwsim\build\dependencies\hdf5\CMakeFiles\CMakeTmp\cmTC_288e6.vcxproj]



Determining if the function symlink exists failed with the following output:
Change Dir: D:/Documents/Projects/hwsim/build/dependencies/hdf5/CMakeFiles/CMakeTmp

Run Build Command(s):C:/Program Files (x86)/Microsoft Visual Studio/2019/BuildTools/MSBuild/Current/Bin/MSBuild.exe cmTC_67d61.vcxproj /p:Configuration=Debug /p:Platform=x64 /p:VisualStudioVersion=16.0 /v:m && Microsoft (R) Build Engine version 16.7.0+b89cb5fde for .NET Framework
Copyright (C) Microsoft Corporation. All rights reserved.

  Microsoft (R) C/C++ Optimizing Compiler Version 19.27.29112 for x64
  CheckFunctionExists.c
  Copyright (C) Microsoft Corporation.  All rights reserved.
  cl /c /Zi /W3 /WX- /diagnostics:column /Od /Ob0 /D WIN32 /D _WINDOWS /D CHECK_FUNCTION_EXISTS=symlink /D WIN32_LEAN_AND_MEAN=1 /D NOGDI=1 /D "CMAKE_INTDIR=\"Debug\"" /D _MBCS /Gm- /RTC1 /MDd /GS /fp:precise /Zc:wchar_t /Zc:forScope /Zc:inline /Fo"cmTC_67d61.dir\Debug\\" /Fd"cmTC_67d61.dir\Debug\vc142.pdb" /Gd /TC /errorReport:queue "C:\Program Files (x86)\Microsoft Visual Studio\2019\BuildTools\Common7\IDE\CommonExtensions\Microsoft\CMake\CMake\share\cmake-3.17\Modules\CheckFunctionExists.c"
CheckFunctionExists.obj : error LNK2019: unresolved external symbol symlink referenced in function main [D:\Documents\Projects\hwsim\build\dependencies\hdf5\CMakeFiles\CMakeTmp\cmTC_67d61.vcxproj]
D:\Documents\Projects\hwsim\build\dependencies\hdf5\CMakeFiles\CMakeTmp\Debug\cmTC_67d61.exe : fatal error LNK1120: 1 unresolved externals [D:\Documents\Projects\hwsim\build\dependencies\hdf5\CMakeFiles\CMakeTmp\cmTC_67d61.vcxproj]



Determining if the function asprintf exists failed with the following output:
Change Dir: D:/Documents/Projects/hwsim/build/dependencies/hdf5/CMakeFiles/CMakeTmp

Run Build Command(s):C:/Program Files (x86)/Microsoft Visual Studio/2019/BuildTools/MSBuild/Current/Bin/MSBuild.exe cmTC_88e82.vcxproj /p:Configuration=Debug /p:Platform=x64 /p:VisualStudioVersion=16.0 /v:m && Microsoft (R) Build Engine version 16.7.0+b89cb5fde for .NET Framework
Copyright (C) Microsoft Corporation. All rights reserved.

  Microsoft (R) C/C++ Optimizing Compiler Version 19.27.29112 for x64
  CheckFunctionExists.c
  Copyright (C) Microsoft Corporation.  All rights reserved.
  cl /c /Zi /W3 /WX- /diagnostics:column /Od /Ob0 /D WIN32 /D _WINDOWS /D CHECK_FUNCTION_EXISTS=asprintf /D WIN32_LEAN_AND_MEAN=1 /D NOGDI=1 /D "CMAKE_INTDIR=\"Debug\"" /D _MBCS /Gm- /RTC1 /MDd /GS /fp:precise /Zc:wchar_t /Zc:forScope /Zc:inline /Fo"cmTC_88e82.dir\Debug\\" /Fd"cmTC_88e82.dir\Debug\vc142.pdb" /Gd /TC /errorReport:queue "C:\Program Files (x86)\Microsoft Visual Studio\2019\BuildTools\Common7\IDE\CommonExtensions\Microsoft\CMake\CMake\share\cmake-3.17\Modules\CheckFunctionExists.c"
CheckFunctionExists.obj : error LNK2019: unresolved external symbol asprintf referenced in function main [D:\Documents\Projects\hwsim\build\dependencies\hdf5\CMakeFiles\CMakeTmp\cmTC_88e82.vcxproj]
D:\Documents\Projects\hwsim\build\dependencies\hdf5\CMakeFiles\CMakeTmp\Debug\cmTC_88e82.exe : fatal error LNK1120: 1 unresolved externals [D:\Documents\Projects\hwsim\build\dependencies\hdf5\CMakeFiles\CMakeTmp\cmTC_88e82.vcxproj]



Determining if the function vasprintf exists failed with the following output:
Change Dir: D:/Documents/Projects/hwsim/build/dependencies/hdf5/CMakeFiles/CMakeTmp

Run Build Command(s):C:/Program Files (x86)/Microsoft Visual Studio/2019/BuildTools/MSBuild/Current/Bin/MSBuild.exe cmTC_1a885.vcxproj /p:Configuration=Debug /p:Platform=x64 /p:VisualStudioVersion=16.0 /v:m && Microsoft (R) Build Engine version 16.7.0+b89cb5fde for .NET Framework
Copyright (C) Microsoft Corporation. All rights reserved.

  Microsoft (R) C/C++ Optimizing Compiler Version 19.27.29112 for x64
  CheckFunctionExists.c
  Copyright (C) Microsoft Corporation.  All rights reserved.
  cl /c /Zi /W3 /WX- /diagnostics:column /Od /Ob0 /D WIN32 /D _WINDOWS /D CHECK_FUNCTION_EXISTS=vasprintf /D WIN32_LEAN_AND_MEAN=1 /D NOGDI=1 /D "CMAKE_INTDIR=\"Debug\"" /D _MBCS /Gm- /RTC1 /MDd /GS /fp:precise /Zc:wchar_t /Zc:forScope /Zc:inline /Fo"cmTC_1a885.dir\Debug\\" /Fd"cmTC_1a885.dir\Debug\vc142.pdb" /Gd /TC /errorReport:queue "C:\Program Files (x86)\Microsoft Visual Studio\2019\BuildTools\Common7\IDE\CommonExtensions\Microsoft\CMake\CMake\share\cmake-3.17\Modules\CheckFunctionExists.c"
CheckFunctionExists.obj : error LNK2019: unresolved external symbol vasprintf referenced in function main [D:\Documents\Projects\hwsim\build\dependencies\hdf5\CMakeFiles\CMakeTmp\cmTC_1a885.vcxproj]
D:\Documents\Projects\hwsim\build\dependencies\hdf5\CMakeFiles\CMakeTmp\Debug\cmTC_1a885.exe : fatal error LNK1120: 1 unresolved externals [D:\Documents\Projects\hwsim\build\dependencies\hdf5\CMakeFiles\CMakeTmp\cmTC_1a885.vcxproj]



Determining if the function waitpid exists failed with the following output:
Change Dir: D:/Documents/Projects/hwsim/build/dependencies/hdf5/CMakeFiles/CMakeTmp

Run Build Command(s):C:/Program Files (x86)/Microsoft Visual Studio/2019/BuildTools/MSBuild/Current/Bin/MSBuild.exe cmTC_80db5.vcxproj /p:Configuration=Debug /p:Platform=x64 /p:VisualStudioVersion=16.0 /v:m && Microsoft (R) Build Engine version 16.7.0+b89cb5fde for .NET Framework
Copyright (C) Microsoft Corporation. All rights reserved.

  Microsoft (R) C/C++ Optimizing Compiler Version 19.27.29112 for x64
  CheckFunctionExists.c
  Copyright (C) Microsoft Corporation.  All rights reserved.
  cl /c /Zi /W3 /WX- /diagnostics:column /Od /Ob0 /D WIN32 /D _WINDOWS /D CHECK_FUNCTION_EXISTS=waitpid /D WIN32_LEAN_AND_MEAN=1 /D NOGDI=1 /D "CMAKE_INTDIR=\"Debug\"" /D _MBCS /Gm- /RTC1 /MDd /GS /fp:precise /Zc:wchar_t /Zc:forScope /Zc:inline /Fo"cmTC_80db5.dir\Debug\\" /Fd"cmTC_80db5.dir\Debug\vc142.pdb" /Gd /TC /errorReport:queue "C:\Program Files (x86)\Microsoft Visual Studio\2019\BuildTools\Common7\IDE\CommonExtensions\Microsoft\CMake\CMake\share\cmake-3.17\Modules\CheckFunctionExists.c"
CheckFunctionExists.obj : error LNK2019: unresolved external symbol waitpid referenced in function main [D:\Documents\Projects\hwsim\build\dependencies\hdf5\CMakeFiles\CMakeTmp\cmTC_80db5.vcxproj]
D:\Documents\Projects\hwsim\build\dependencies\hdf5\CMakeFiles\CMakeTmp\Debug\cmTC_80db5.exe : fatal error LNK1120: 1 unresolved externals [D:\Documents\Projects\hwsim\build\dependencies\hdf5\CMakeFiles\CMakeTmp\cmTC_80db5.vcxproj]



Determining if the function vsnprintf exists failed with the following output:
Change Dir: D:/Documents/Projects/hwsim/build/dependencies/hdf5/CMakeFiles/CMakeTmp

Run Build Command(s):C:/Program Files (x86)/Microsoft Visual Studio/2019/BuildTools/MSBuild/Current/Bin/MSBuild.exe cmTC_f9331.vcxproj /p:Configuration=Debug /p:Platform=x64 /p:VisualStudioVersion=16.0 /v:m && Microsoft (R) Build Engine version 16.7.0+b89cb5fde for .NET Framework
Copyright (C) Microsoft Corporation. All rights reserved.

  Microsoft (R) C/C++ Optimizing Compiler Version 19.27.29112 for x64
  CheckFunctionExists.c
  Copyright (C) Microsoft Corporation.  All rights reserved.
  cl /c /Zi /W3 /WX- /diagnostics:column /Od /Ob0 /D WIN32 /D _WINDOWS /D CHECK_FUNCTION_EXISTS=vsnprintf /D WIN32_LEAN_AND_MEAN=1 /D NOGDI=1 /D "CMAKE_INTDIR=\"Debug\"" /D _MBCS /Gm- /RTC1 /MDd /GS /fp:precise /Zc:wchar_t /Zc:forScope /Zc:inline /Fo"cmTC_f9331.dir\Debug\\" /Fd"cmTC_f9331.dir\Debug\vc142.pdb" /Gd /TC /errorReport:queue "C:\Program Files (x86)\Microsoft Visual Studio\2019\BuildTools\Common7\IDE\CommonExtensions\Microsoft\CMake\CMake\share\cmake-3.17\Modules\CheckFunctionExists.c"
CheckFunctionExists.obj : error LNK2019: unresolved external symbol vsnprintf referenced in function main [D:\Documents\Projects\hwsim\build\dependencies\hdf5\CMakeFiles\CMakeTmp\cmTC_f9331.vcxproj]
MSVCRTD.lib(vsnprintf.obj) : error LNK2001: unresolved external symbol vsnprintf [D:\Documents\Projects\hwsim\build\dependencies\hdf5\CMakeFiles\CMakeTmp\cmTC_f9331.vcxproj]
MSVCRTD.lib(vsnprintf.obj) : error LNK2001: unresolved external symbol _vsnprintf [D:\Documents\Projects\hwsim\build\dependencies\hdf5\CMakeFiles\CMakeTmp\cmTC_f9331.vcxproj]
D:\Documents\Projects\hwsim\build\dependencies\hdf5\CMakeFiles\CMakeTmp\Debug\cmTC_f9331.exe : fatal error LNK1120: 2 unresolved externals [D:\Documents\Projects\hwsim\build\dependencies\hdf5\CMakeFiles\CMakeTmp\cmTC_f9331.vcxproj]



Determining if the sigsetjmp exist failed with the following output:
Change Dir: D:/Documents/Projects/hwsim/build/dependencies/hdf5/CMakeFiles/CMakeTmp

Run Build Command(s):C:/Program Files (x86)/Microsoft Visual Studio/2019/BuildTools/MSBuild/Current/Bin/MSBuild.exe cmTC_5e265.vcxproj /p:Configuration=Debug /p:Platform=x64 /p:VisualStudioVersion=16.0 /v:m && Microsoft (R) Build Engine version 16.7.0+b89cb5fde for .NET Framework
Copyright (C) Microsoft Corporation. All rights reserved.

  Microsoft (R) C/C++ Optimizing Compiler Version 19.27.29112 for x64
  CheckSymbolExists.c
  Copyright (C) Microsoft Corporation.  All rights reserved.
  cl /c /Zi /W3 /WX- /diagnostics:column /Od /Ob0 /D WIN32 /D _WINDOWS /D WIN32_LEAN_AND_MEAN=1 /D NOGDI=1 /D "CMAKE_INTDIR=\"Debug\"" /D _MBCS /Gm- /RTC1 /MDd /GS /fp:precise /Zc:wchar_t /Zc:forScope /Zc:inline /Fo"cmTC_5e265.dir\Debug\\" /Fd"cmTC_5e265.dir\Debug\vc142.pdb" /Gd /TC /errorReport:queue D:\Documents\Projects\hwsim\build\dependencies\hdf5\CMakeFiles\CMakeTmp\CheckSymbolExists.c
D:\Documents\Projects\hwsim\build\dependencies\hdf5\CMakeFiles\CMakeTmp\CheckSymbolExists.c(8,28): error C2065: 'sigsetjmp': undeclared identifier [D:\Documents\Projects\hwsim\build\dependencies\hdf5\CMakeFiles\CMakeTmp\cmTC_5e265.vcxproj]


File D:/Documents/Projects/hwsim/build/dependencies/hdf5/CMakeFiles/CMakeTmp/CheckSymbolExists.c:
/* */
#include <setjmp.h>

int main(int argc, char** argv)
{
  (void)argv;
#ifndef sigsetjmp
  return ((int*)(&sigsetjmp))[argc];
#else
  (void)argc;
  return 0;
#endif
}
Performing Other Test HAVE___INLINE__ failed with the following output:
Change Dir: D:/Documents/Projects/hwsim/build/dependencies/hdf5/CMakeFiles/CMakeTmp

Run Build Command(s):C:/Program Files (x86)/Microsoft Visual Studio/2019/BuildTools/MSBuild/Current/Bin/MSBuild.exe cmTC_e6d8d.vcxproj /p:Configuration=Debug /p:Platform=x64 /p:VisualStudioVersion=16.0 /v:m && Microsoft (R) Build Engine version 16.7.0+b89cb5fde for .NET Framework
Copyright (C) Microsoft Corporation. All rights reserved.

  Microsoft (R) C/C++ Optimizing Compiler Version 19.27.29112 for x64
  HDFTests.c
  Copyright (C) Microsoft Corporation.  All rights reserved.
  cl /c /Zi /W3 /WX- /diagnostics:column /Od /Ob0 /D WIN32 /D _WINDOWS /D HAVE___INLINE__ /D WIN32_LEAN_AND_MEAN=1 /D NOGDI=1 /D HAVE_SYS_TYPES_H /D "CMAKE_INTDIR=\"Debug\"" /D _MBCS /Gm- /RTC1 /MDd /GS /fp:precise /Zc:wchar_t /Zc:forScope /Zc:inline /Fo"cmTC_e6d8d.dir\Debug\\" /Fd"cmTC_e6d8d.dir\Debug\vc142.pdb" /Gd /TC /errorReport:queue D:\Documents\Projects\hwsim\build\dependencies\hdf5\source\config\cmake_ext_mod\HDFTests.c
D:\Documents\Projects\hwsim\build\dependencies\hdf5\source\config\cmake_ext_mod\HDFTests.c(457,24): error C2054: expected '(' to follow '__inline__' [D:\Documents\Projects\hwsim\build\dependencies\hdf5\CMakeFiles\CMakeTmp\cmTC_e6d8d.vcxproj]
D:\Documents\Projects\hwsim\build\dependencies\hdf5\source\config\cmake_ext_mod\HDFTests.c(457,38): error C2085: 'static_foo': not in formal parameter list [D:\Documents\Projects\hwsim\build\dependencies\hdf5\CMakeFiles\CMakeTmp\cmTC_e6d8d.vcxproj]
D:\Documents\Projects\hwsim\build\dependencies\hdf5\source\config\cmake_ext_mod\HDFTests.c(457,38): error C2143: syntax error: missing ';' before '{' [D:\Documents\Projects\hwsim\build\dependencies\hdf5\CMakeFiles\CMakeTmp\cmTC_e6d8d.vcxproj]
D:\Documents\Projects\hwsim\build\dependencies\hdf5\source\config\cmake_ext_mod\HDFTests.c(458,17): error C2054: expected '(' to follow '__inline__' [D:\Documents\Projects\hwsim\build\dependencies\hdf5\CMakeFiles\CMakeTmp\cmTC_e6d8d.vcxproj]
D:\Documents\Projects\hwsim\build\dependencies\hdf5\source\config\cmake_ext_mod\HDFTests.c(458,24): error C2085: 'foo': not in formal parameter list [D:\Documents\Projects\hwsim\build\dependencies\hdf5\CMakeFiles\CMakeTmp\cmTC_e6d8d.vcxproj]
D:\Documents\Projects\hwsim\build\dependencies\hdf5\source\config\cmake_ext_mod\HDFTests.c(458,24): error C2143: syntax error: missing ';' before '{' [D:\Documents\Projects\hwsim\build\dependencies\hdf5\CMakeFiles\CMakeTmp\cmTC_e6d8d.vcxproj]


Determining size of __float128 failed with the following output:
Change Dir: D:/Documents/Projects/hwsim/build/dependencies/hdf5/CMakeFiles/CMakeTmp

Run Build Command(s):C:/Program Files (x86)/Microsoft Visual Studio/2019/BuildTools/MSBuild/Current/Bin/MSBuild.exe cmTC_23095.vcxproj /p:Configuration=Debug /p:Platform=x64 /p:VisualStudioVersion=16.0 /v:m && Microsoft (R) Build Engine version 16.7.0+b89cb5fde for .NET Framework
Copyright (C) Microsoft Corporation. All rights reserved.

  Microsoft (R) C/C++ Optimizing Compiler Version 19.27.29112 for x64
  H5_SIZEOF___FLOAT128.c
  Copyright (C) Microsoft Corporation.  All rights reserved.
  cl /c /Zi /W3 /WX- /diagnostics:column /Od /Ob0 /D WIN32 /D _WINDOWS /D WIN32_LEAN_AND_MEAN=1 /D NOGDI=1 /D "CMAKE_INTDIR=\"Debug\"" /D _MBCS /Gm- /RTC1 /MDd /GS /fp:precise /Zc:wchar_t /Zc:forScope /Zc:inline /Fo"cmTC_23095.dir\Debug\\" /Fd"cmTC_23095.dir\Debug\vc142.pdb" /Gd /TC /errorReport:queue D:\Documents\Projects\hwsim\build\dependencies\hdf5\CMakeFiles\CheckTypeSize\H5_SIZEOF___FLOAT128.c
D:\Documents\Projects\hwsim\build\dependencies\hdf5\CMakeFiles\CheckTypeSize\H5_SIZEOF___FLOAT128.c(25,12): error C2065: '__float128': undeclared identifier [D:\Documents\Projects\hwsim\build\dependencies\hdf5\CMakeFiles\CMakeTmp\cmTC_23095.vcxproj]
D:\Documents\Projects\hwsim\build\dependencies\hdf5\CMakeFiles\CheckTypeSize\H5_SIZEOF___FLOAT128.c(26,12): error C2065: '__float128': undeclared identifier [D:\Documents\Projects\hwsim\build\dependencies\hdf5\CMakeFiles\CMakeTmp\cmTC_23095.vcxproj]
D:\Documents\Projects\hwsim\build\dependencies\hdf5\CMakeFiles\CheckTypeSize\H5_SIZEOF___FLOAT128.c(27,12): error C2065: '__float128': undeclared identifier [D:\Documents\Projects\hwsim\build\dependencies\hdf5\CMakeFiles\CMakeTmp\cmTC_23095.vcxproj]
D:\Documents\Projects\hwsim\build\dependencies\hdf5\CMakeFiles\CheckTypeSize\H5_SIZEOF___FLOAT128.c(28,12): error C2065: '__float128': undeclared identifier [D:\Documents\Projects\hwsim\build\dependencies\hdf5\CMakeFiles\CMakeTmp\cmTC_23095.vcxproj]
D:\Documents\Projects\hwsim\build\dependencies\hdf5\CMakeFiles\CheckTypeSize\H5_SIZEOF___FLOAT128.c(29,12): error C2065: '__float128': undeclared identifier [D:\Documents\Projects\hwsim\build\dependencies\hdf5\CMakeFiles\CMakeTmp\cmTC_23095.vcxproj]


D:/Documents/Projects/hwsim/build/dependencies/hdf5/CMakeFiles/CheckTypeSize/H5_SIZEOF___FLOAT128.c:
#include <sys/types.h>
#include <stdint.h>
#include <stddef.h>


#undef KEY
#if defined(__i386)
# define KEY '_','_','i','3','8','6'
#elif defined(__x86_64)
# define KEY '_','_','x','8','6','_','6','4'
#elif defined(__ppc__)
# define KEY '_','_','p','p','c','_','_'
#elif defined(__ppc64__)
# define KEY '_','_','p','p','c','6','4','_','_'
#elif defined(__aarch64__)
# define KEY '_','_','a','a','r','c','h','6','4','_','_'
#elif defined(__ARM_ARCH_7A__)
# define KEY '_','_','A','R','M','_','A','R','C','H','_','7','A','_','_'
#elif defined(__ARM_ARCH_7S__)
# define KEY '_','_','A','R','M','_','A','R','C','H','_','7','S','_','_'
#endif

#define SIZE (sizeof(__float128))
static char info_size[] =  {'I', 'N', 'F', 'O', ':', 's','i','z','e','[',
  ('0' + ((SIZE / 10000)%10)),
  ('0' + ((SIZE / 1000)%10)),
  ('0' + ((SIZE / 100)%10)),
  ('0' + ((SIZE / 10)%10)),
  ('0' +  (SIZE    % 10)),
  ']',
#ifdef KEY
  ' ','k','e','y','[', KEY, ']',
#endif
  '\0'};

#ifdef __CLASSIC_C__
int main(argc, argv) int argc; char *argv[];
#else
int main(int argc, char *argv[])
#endif
{
  int require = 0;
  require += info_size[argc];
  (void)argv;
  return require;
}


Determining size of _Quad failed with the following output:
Change Dir: D:/Documents/Projects/hwsim/build/dependencies/hdf5/CMakeFiles/CMakeTmp

Run Build Command(s):C:/Program Files (x86)/Microsoft Visual Studio/2019/BuildTools/MSBuild/Current/Bin/MSBuild.exe cmTC_c3652.vcxproj /p:Configuration=Debug /p:Platform=x64 /p:VisualStudioVersion=16.0 /v:m && Microsoft (R) Build Engine version 16.7.0+b89cb5fde for .NET Framework
Copyright (C) Microsoft Corporation. All rights reserved.

  Microsoft (R) C/C++ Optimizing Compiler Version 19.27.29112 for x64
  H5_SIZEOF__QUAD.c
  Copyright (C) Microsoft Corporation.  All rights reserved.
  cl /c /Zi /W3 /WX- /diagnostics:column /Od /Ob0 /D WIN32 /D _WINDOWS /D WIN32_LEAN_AND_MEAN=1 /D NOGDI=1 /D "CMAKE_INTDIR=\"Debug\"" /D _MBCS /Gm- /RTC1 /MDd /GS /fp:precise /Zc:wchar_t /Zc:forScope /Zc:inline /Fo"cmTC_c3652.dir\Debug\\" /Fd"cmTC_c3652.dir\Debug\vc142.pdb" /Gd /TC /errorReport:queue D:\Documents\Projects\hwsim\build\dependencies\hdf5\CMakeFiles\CheckTypeSize\H5_SIZEOF__QUAD.c
D:\Documents\Projects\hwsim\build\dependencies\hdf5\CMakeFiles\CheckTypeSize\H5_SIZEOF__QUAD.c(25,12): error C2065: '_Quad': undeclared identifier [D:\Documents\Projects\hwsim\build\dependencies\hdf5\CMakeFiles\CMakeTmp\cmTC_c3652.vcxproj]
D:\Documents\Projects\hwsim\build\dependencies\hdf5\CMakeFiles\CheckTypeSize\H5_SIZEOF__QUAD.c(26,12): error C2065: '_Quad': undeclared identifier [D:\Documents\Projects\hwsim\build\dependencies\hdf5\CMakeFiles\CMakeTmp\cmTC_c3652.vcxproj]
D:\Documents\Projects\hwsim\build\dependencies\hdf5\CMakeFiles\CheckTypeSize\H5_SIZEOF__QUAD.c(27,12): error C2065: '_Quad': undeclared identifier [D:\Documents\Projects\hwsim\build\dependencies\hdf5\CMakeFiles\CMakeTmp\cmTC_c3652.vcxproj]
D:\Documents\Projects\hwsim\build\dependencies\hdf5\CMakeFiles\CheckTypeSize\H5_SIZEOF__QUAD.c(28,12): error C2065: '_Quad': undeclared identifier [D:\Documents\Projects\hwsim\build\dependencies\hdf5\CMakeFiles\CMakeTmp\cmTC_c3652.vcxproj]
D:\Documents\Projects\hwsim\build\dependencies\hdf5\CMakeFiles\CheckTypeSize\H5_SIZEOF__QUAD.c(29,12): error C2065: '_Quad': undeclared identifier [D:\Documents\Projects\hwsim\build\dependencies\hdf5\CMakeFiles\CMakeTmp\cmTC_c3652.vcxproj]


D:/Documents/Projects/hwsim/build/dependencies/hdf5/CMakeFiles/CheckTypeSize/H5_SIZEOF__QUAD.c:
#include <sys/types.h>
#include <stdint.h>
#include <stddef.h>


#undef KEY
#if defined(__i386)
# define KEY '_','_','i','3','8','6'
#elif defined(__x86_64)
# define KEY '_','_','x','8','6','_','6','4'
#elif defined(__ppc__)
# define KEY '_','_','p','p','c','_','_'
#elif defined(__ppc64__)
# define KEY '_','_','p','p','c','6','4','_','_'
#elif defined(__aarch64__)
# define KEY '_','_','a','a','r','c','h','6','4','_','_'
#elif defined(__ARM_ARCH_7A__)
# define KEY '_','_','A','R','M','_','A','R','C','H','_','7','A','_','_'
#elif defined(__ARM_ARCH_7S__)
# define KEY '_','_','A','R','M','_','A','R','C','H','_','7','S','_','_'
#endif

#define SIZE (sizeof(_Quad))
static char info_size[] =  {'I', 'N', 'F', 'O', ':', 's','i','z','e','[',
  ('0' + ((SIZE / 10000)%10)),
  ('0' + ((SIZE / 1000)%10)),
  ('0' + ((SIZE / 100)%10)),
  ('0' + ((SIZE / 10)%10)),
  ('0' +  (SIZE    % 10)),
  ']',
#ifdef KEY
  ' ','k','e','y','[', KEY, ']',
#endif
  '\0'};

#ifdef __CLASSIC_C__
int main(argc, argv) int argc; char *argv[];
#else
int main(int argc, char *argv[])
#endif
{
  int require = 0;
  require += info_size[argc];
  (void)argv;
  return require;
}


Test H5_LDOUBLE_TO_LONG_SPECIAL Run failed with the following output and exit code:
 Change Dir: D:/Documents/Projects/hwsim/build/dependencies/hdf5/CMakeFiles/CMakeTmp

Run Build Command(s):C:/Program Files (x86)/Microsoft Visual Studio/2019/BuildTools/MSBuild/Current/Bin/MSBuild.exe cmTC_2d7cd.vcxproj /p:Configuration=Debug /p:Platform=x64 /p:VisualStudioVersion=16.0 /v:m && Microsoft (R) Build Engine version 16.7.0+b89cb5fde for .NET Framework
Copyright (C) Microsoft Corporation. All rights reserved.

  Microsoft (R) C/C++ Optimizing Compiler Version 19.27.29112 for x64
  ConversionTests.c
  Copyright (C) Microsoft Corporation.  All rights reserved.
  cl /c /Zi /W3 /WX- /diagnostics:column /Od /Ob0 /D WIN32 /D _WINDOWS /D H5_LDOUBLE_TO_LONG_SPECIAL_TEST /D "CMAKE_INTDIR=\"Debug\"" /D _MBCS /Gm- /RTC1 /MDd /GS /fp:precise /Zc:wchar_t /Zc:forScope /Zc:inline /Fo"cmTC_2d7cd.dir\Debug\\" /Fd"cmTC_2d7cd.dir\Debug\vc142.pdb" /Gd /TC /errorReport:queue D:\Documents\Projects\hwsim\build\dependencies\hdf5\source\config\cmake\ConversionTests.c
D:\Documents\Projects\hwsim\build\dependencies\hdf5\source\config\cmake\ConversionTests.c(78,5): warning C4102: 'done': unreferenced label [D:\Documents\Projects\hwsim\build\dependencies\hdf5\CMakeFiles\CMakeTmp\cmTC_2d7cd.vcxproj]
  cmTC_2d7cd.vcxproj -> D:\Documents\Projects\hwsim\build\dependencies\hdf5\CMakeFiles\CMakeTmp\Debug\cmTC_2d7cd.exe


Test H5_LONG_TO_LDOUBLE_SPECIAL Run failed with the following output and exit code:
 Change Dir: D:/Documents/Projects/hwsim/build/dependencies/hdf5/CMakeFiles/CMakeTmp

Run Build Command(s):C:/Program Files (x86)/Microsoft Visual Studio/2019/BuildTools/MSBuild/Current/Bin/MSBuild.exe cmTC_1a85c.vcxproj /p:Configuration=Debug /p:Platform=x64 /p:VisualStudioVersion=16.0 /v:m && Microsoft (R) Build Engine version 16.7.0+b89cb5fde for .NET Framework
Copyright (C) Microsoft Corporation. All rights reserved.

  Microsoft (R) C/C++ Optimizing Compiler Version 19.27.29112 for x64
  ConversionTests.c
  Copyright (C) Microsoft Corporation.  All rights reserved.
  cl /c /Zi /W3 /WX- /diagnostics:column /Od /Ob0 /D WIN32 /D _WINDOWS /D H5_LONG_TO_LDOUBLE_SPECIAL_TEST /D "CMAKE_INTDIR=\"Debug\"" /D _MBCS /Gm- /RTC1 /MDd /GS /fp:precise /Zc:wchar_t /Zc:forScope /Zc:inline /Fo"cmTC_1a85c.dir\Debug\\" /Fd"cmTC_1a85c.dir\Debug\vc142.pdb" /Gd /TC /errorReport:queue D:\Documents\Projects\hwsim\build\dependencies\hdf5\source\config\cmake\ConversionTests.c
D:\Documents\Projects\hwsim\build\dependencies\hdf5\source\config\cmake\ConversionTests.c(108,29): warning C4305: '=': truncation from '__int64' to 'long' [D:\Documents\Projects\hwsim\build\dependencies\hdf5\CMakeFiles\CMakeTmp\cmTC_1a85c.vcxproj]
D:\Documents\Projects\hwsim\build\dependencies\hdf5\source\config\cmake\ConversionTests.c(141,5): warning C4102: 'done': unreferenced label [D:\Documents\Projects\hwsim\build\dependencies\hdf5\CMakeFiles\CMakeTmp\cmTC_1a85c.vcxproj]
  cmTC_1a85c.vcxproj -> D:\Documents\Projects\hwsim\build\dependencies\hdf5\CMakeFiles\CMakeTmp\Debug\cmTC_1a85c.exe


Test H5_DISABLE_SOME_LDOUBLE_CONV Compile failed with the following output:
 Change Dir: D:/Documents/Projects/hwsim/build/dependencies/hdf5/CMakeFiles/CMakeTmp

Run Build Command(s):C:/Program Files (x86)/Microsoft Visual Studio/2019/BuildTools/MSBuild/Current/Bin/MSBuild.exe cmTC_c2302.vcxproj /p:Configuration=Debug /p:Platform=x64 /p:VisualStudioVersion=16.0 /v:m && Microsoft (R) Build Engine version 16.7.0+b89cb5fde for .NET Framework
Copyright (C) Microsoft Corporation. All rights reserved.

  Microsoft (R) C/C++ Optimizing Compiler Version 19.27.29112 for x64
  ConversionTests.c
  Copyright (C) Microsoft Corporation.  All rights reserved.
  cl /c /Zi /W3 /WX- /diagnostics:column /Od /Ob0 /D WIN32 /D _WINDOWS /D H5_DISABLE_SOME_LDOUBLE_CONV_TEST /D "CMAKE_INTDIR=\"Debug\"" /D _MBCS /Gm- /RTC1 /MDd /GS /fp:precise /Zc:wchar_t /Zc:forScope /Zc:inline /Fo"cmTC_c2302.dir\Debug\\" /Fd"cmTC_c2302.dir\Debug\vc142.pdb" /Gd /TC /errorReport:queue D:\Documents\Projects\hwsim\build\dependencies\hdf5\source\config\cmake\ConversionTests.c
D:\Documents\Projects\hwsim\build\dependencies\hdf5\source\config\cmake\ConversionTests.c(301,15): warning C4013: 'popen' undefined; assuming extern returning int [D:\Documents\Projects\hwsim\build\dependencies\hdf5\CMakeFiles\CMakeTmp\cmTC_c2302.vcxproj]
D:\Documents\Projects\hwsim\build\dependencies\hdf5\source\config\cmake\ConversionTests.c(301,32): warning C4047: '=': 'FILE *' differs in levels of indirection from 'int' [D:\Documents\Projects\hwsim\build\dependencies\hdf5\CMakeFiles\CMakeTmp\cmTC_c2302.vcxproj]
D:\Documents\Projects\hwsim\build\dependencies\hdf5\source\config\cmake\ConversionTests.c(305,11): warning C4013: 'pclose' undefined; assuming extern returning int [D:\Documents\Projects\hwsim\build\dependencies\hdf5\CMakeFiles\CMakeTmp\cmTC_c2302.vcxproj]
ConversionTests.obj : error LNK2019: unresolved external symbol popen referenced in function main [D:\Documents\Projects\hwsim\build\dependencies\hdf5\CMakeFiles\CMakeTmp\cmTC_c2302.vcxproj]
ConversionTests.obj : error LNK2019: unresolved external symbol pclose referenced in function main [D:\Documents\Projects\hwsim\build\dependencies\hdf5\CMakeFiles\CMakeTmp\cmTC_c2302.vcxproj]
D:\Documents\Projects\hwsim\build\dependencies\hdf5\CMakeFiles\CMakeTmp\Debug\cmTC_c2302.exe : fatal error LNK1120: 2 unresolved externals [D:\Documents\Projects\hwsim\build\dependencies\hdf5\CMakeFiles\CMakeTmp\cmTC_c2302.vcxproj]


